###############################################################################
#
# IAR C/C++ Compiler V6.30.2.940/W32 for MSP430           14/Nov/2015  17:53:36
# Copyright 1996-2015 IAR Systems AB.
# Standalone license - IAR Embedded Workbench for Texas Instruments MSP430, 8K KickStart Edition 6.30
#
#    __rt_version  =  3
#    __double_size =  32
#    __reg_r4      =  free
#    __reg_r5      =  free
#    __pic         =  no
#    __core        =  430X
#    __data_model  =  small
#    __code_model  =  large
#    Source file   =  C:\Users\Rachel\Documents\ECE306\Projects\Project7\LED.c
#    Command line  =  
#        C:\Users\Rachel\Documents\ECE306\Projects\Project7\LED.c -lC
#        C:\Users\Rachel\Documents\ECE306\Projects\Project7\Debug\List\ -o
#        C:\Users\Rachel\Documents\ECE306\Projects\Project7\Debug\Obj\ --no_cse
#        --no_unroll --no_inline --no_code_motion --no_tbaa --debug
#        -D__MSP430FR5739__ -e --double=32 --dlib_config "C:\Program Files
#        (x86)\IAR Systems\Embedded Workbench 7.2_2\430\lib\dlib\dl430xlsfn.h"
#        --core=430X --data_model=small -On --multiplier=32
#        --hw_workaround=CPU40 --code_model=large
#    List file     =  
#        C:\Users\Rachel\Documents\ECE306\Projects\Project7\Debug\List\LED.lst
#    Object file   =  
#        C:\Users\Rachel\Documents\ECE306\Projects\Project7\Debug\Obj\LED.r43
#
###############################################################################

C:\Users\Rachel\Documents\ECE306\Projects\Project7\LED.c
      1          //***********************************************************************
      2          //      Title: LED.c 
      3          //      Description: This file contains LED configurations
      4          //      Rachel Williams
      5          //      September 2015
      6          //      Built with IAR Embedded Workbench Version: V4.10A/W32 (5.40.1)
      7          //***********************************************************************
      8          #include  "msp430.h"
      9          #include  "functions.h"
     10          #include "macros.h"
     11          

   \                                 In  segment CODE, align 2
     12          void Init_LEDs(void){
   \                     Init_LEDs:
     13          // Turns off all 8 LEDs
     14          //  PJOUT &= ~LED1;
     15          //  PJOUT &= ~LED2;
     16          //  PJOUT &= ~LED3;
     17          //  PJOUT &= ~RESET; // LED 4 is RESET  
     18          //  P3OUT &= ~LED5;
     19          //  P3OUT &= ~LED6;
     20          //  P3OUT &= ~LED7;
     21          //  P3OUT &= ~LED8;
     22          //------------------------------------------------------------------------------
     23          }  
   \   000000   1001         RETA

   Maximum stack usage in bytes:

   CSTACK Function
   ------ --------
      4   Init_LEDs


   Segment part sizes:

   Bytes  Function/Label
   -----  --------------
       2  Init_LEDs

 
 2 bytes in segment CODE
 
 2 bytes of CODE memory

Errors: none
Warnings: none
