###############################################################################
#
# IAR C/C++ Compiler V6.30.2.940/W32 for MSP430           16/Nov/2015  00:49:24
# Copyright 1996-2015 IAR Systems AB.
# Standalone license - IAR Embedded Workbench for Texas Instruments MSP430, 8K KickStart Edition 6.30
#
#    __rt_version  =  3
#    __double_size =  32
#    __reg_r4      =  free
#    __reg_r5      =  free
#    __pic         =  no
#    __core        =  430X
#    __data_model  =  small
#    __code_model  =  large
#    Source file   =  
#        C:\Users\Rachel\Documents\ECE306\Projects\Project7\motor_control.c
#    Command line  =  
#        C:\Users\Rachel\Documents\ECE306\Projects\Project7\motor_control.c -lC
#        C:\Users\Rachel\Documents\ECE306\Projects\Project7\Debug\List\ -o
#        C:\Users\Rachel\Documents\ECE306\Projects\Project7\Debug\Obj\ --no_cse
#        --no_unroll --no_inline --no_code_motion --no_tbaa --debug
#        -D__MSP430FR5739__ -e --double=32 --dlib_config "C:\Program Files
#        (x86)\IAR Systems\Embedded Workbench 7.2_2\430\lib\dlib\dl430xlsfn.h"
#        --core=430X --data_model=small -On --multiplier=32
#        --hw_workaround=CPU40 --code_model=large
#    List file     =  
#        C:\Users\Rachel\Documents\ECE306\Projects\Project7\Debug\List\motor_control.lst
#    Object file   =  
#        C:\Users\Rachel\Documents\ECE306\Projects\Project7\Debug\Obj\motor_control.r43
#
###############################################################################

C:\Users\Rachel\Documents\ECE306\Projects\Project7\motor_control.c
      1          //***********************************************************************
      2          //      Title: motor_control.c 
      3          //      Description: This file handles control for left and right motors
      4          //      Rachel Williams
      5          //      November 2015
      6          //      Built with IAR Embedded Workbench Version: V4.10A/W32 (5.40.1)
      7          //***********************************************************************
      8          
      9          #include  "msp430.h"

   \                                 In  segment DATA16_AN, at 0x222
   \   union <unnamed> _A_PBOUT_L
   \                     _A_PBOUT_L:
   \   000000                DS8 2
     10          #include  "functions.h"
     11          #include "macros.h"
     12          
     13          //***********************************************************************
     14          //      Function name: Left_Forward_On
     15          //      Description: Turns on forward motion of left motor  
     16          //      Global variables: NONE
     17          //      Local variables: NONE
     18          //      Return: VOID
     19          //***********************************************************************

   \                                 In  segment CODE, align 2
     20          void Left_Forward_On(void){
   \                     Left_Forward_On:
     21            P3OUT |= LED7;
   \   000000   F2D040002202 BIS.B   #0x40, &0x222
     22           }
   \   000006   1001         RETA
   \   000008                REQUIRE _A_PBOUT_L
     23          
     24          //***********************************************************************
     25          //      Function name: Left_Forward_Off
     26          //      Description: Turns off forward motion of left motor  
     27          //      Global variables: NONE
     28          //      Local variables: NONE
     29          //      Return: VOID
     30          //***********************************************************************

   \                                 In  segment CODE, align 2
     31          void Left_Forward_Off(void){
   \                     Left_Forward_Off:
     32            P3OUT &= ~LED7;
   \   000000   F2C040002202 BIC.B   #0x40, &0x222
     33           }
   \   000006   1001         RETA
   \   000008                REQUIRE _A_PBOUT_L
     34          
     35          //***********************************************************************
     36          //      Function name: Left_Reverse_On
     37          //      Description: Turns on reverse motion of left motor  
     38          //      Global variables: NONE
     39          //      Local variables: NONE
     40          //      Return: VOID
     41          //***********************************************************************

   \                                 In  segment CODE, align 2
     42          void Left_Reverse_On(void){
   \                     Left_Reverse_On:
     43            P3OUT |= LED8;
   \   000000   F2D080002202 BIS.B   #0x80, &0x222
     44           }
   \   000006   1001         RETA
   \   000008                REQUIRE _A_PBOUT_L
     45          
     46          //***********************************************************************
     47          //      Function name: Left_Reverse_Off
     48          //      Description: Turns off reverse motion of left motor  
     49          //      Global variables: NONE
     50          //      Local variables: NONE
     51          //      Return: VOID
     52          //***********************************************************************

   \                                 In  segment CODE, align 2
     53          void Left_Reverse_Off(void){
   \                     Left_Reverse_Off:
     54            P3OUT &= ~LED8;
   \   000000   F2C080002202 BIC.B   #0x80, &0x222
     55           }
   \   000006   1001         RETA
   \   000008                REQUIRE _A_PBOUT_L
     56          
     57          //***********************************************************************
     58          //      Function name: Right_Forward_On
     59          //      Description: Turns on forward motion of right motor  
     60          //      Global variables: NONE
     61          //      Local variables: NONE
     62          //      Return: VOID
     63          //***********************************************************************

   \                                 In  segment CODE, align 2
     64          void Right_Forward_On(void){
   \                     Right_Forward_On:
     65              P3OUT |= LED5;
   \   000000   F2D010002202 BIS.B   #0x10, &0x222
     66          }
   \   000006   1001         RETA
   \   000008                REQUIRE _A_PBOUT_L
     67          
     68          //***********************************************************************
     69          //      Function name: Right_Forward_Off
     70          //      Description: Turns off forward motion of right motor  
     71          //      Global variables: NONE
     72          //      Local variables: NONE
     73          //      Return: VOID
     74          //***********************************************************************

   \                                 In  segment CODE, align 2
     75          void Right_Forward_Off(void){
   \                     Right_Forward_Off:
     76            P3OUT &= ~LED5;
   \   000000   F2C010002202 BIC.B   #0x10, &0x222
     77          }
   \   000006   1001         RETA
   \   000008                REQUIRE _A_PBOUT_L
     78          
     79          //***********************************************************************
     80          //      Function name: Right_Reverse_On
     81          //      Description: Turns on reverse motion of right motor  
     82          //      Global variables: NONE
     83          //      Local variables: NONE
     84          //      Return: VOID
     85          //***********************************************************************

   \                                 In  segment CODE, align 2
     86          void Right_Reverse_On(void){
   \                     Right_Reverse_On:
     87            P3OUT |= LED6;
   \   000000   F2D020002202 BIS.B   #0x20, &0x222
     88           }
   \   000006   1001         RETA
   \   000008                REQUIRE _A_PBOUT_L
     89          
     90          //***********************************************************************
     91          //      Function name: Right_Reverse_Off
     92          //      Description: Turns off reverse motion of right motor  
     93          //      Global variables: NONE
     94          //      Local variables: NONE
     95          //      Return: VOID
     96          //***********************************************************************

   \                                 In  segment CODE, align 2
     97          void Right_Reverse_Off(void){
   \                     Right_Reverse_Off:
     98            P3OUT &= ~LED6;
   \   000000   F2C020002202 BIC.B   #0x20, &0x222
     99          }
   \   000006   1001         RETA
   \   000008                REQUIRE _A_PBOUT_L

   Maximum stack usage in bytes:

   CSTACK Function
   ------ --------
      4   Left_Forward_Off
      4   Left_Forward_On
      4   Left_Reverse_Off
      4   Left_Reverse_On
      4   Right_Forward_Off
      4   Right_Forward_On
      4   Right_Reverse_Off
      4   Right_Reverse_On


   Segment part sizes:

   Bytes  Function/Label
   -----  --------------
       8  Left_Forward_Off
       8  Left_Forward_On
       8  Left_Reverse_Off
       8  Left_Reverse_On
       8  Right_Forward_Off
       8  Right_Forward_On
       8  Right_Reverse_Off
       8  Right_Reverse_On
       2  _A_PBOUT_L

 
 64 bytes in segment CODE
  2 bytes in segment DATA16_AN
 
 64 bytes of CODE memory
  0 bytes of DATA memory (+ 2 bytes shared)

Errors: none
Warnings: none
