###############################################################################
#
# IAR C/C++ Compiler V6.30.2.940/W32 for MSP430           02/Nov/2015  17:54:45
# Copyright 1996-2015 IAR Systems AB.
# Standalone license - IAR Embedded Workbench for Texas Instruments MSP430, 8K KickStart Edition 6.30
#
#    __rt_version  =  3
#    __double_size =  32
#    __reg_r4      =  free
#    __reg_r5      =  free
#    __pic         =  no
#    __core        =  430X
#    __data_model  =  small
#    __code_model  =  large
#    Source file   =  C:\Users\Christopher\Documents\ECE 306\Project_06\init.c
#    Command line  =  
#        "C:\Users\Christopher\Documents\ECE 306\Project_06\init.c" -lC
#        "C:\Users\Christopher\Documents\ECE 306\Project_06\Debug\List\" -o
#        "C:\Users\Christopher\Documents\ECE 306\Project_06\Debug\Obj\"
#        --no_cse --no_unroll --no_inline --no_code_motion --no_tbaa --debug
#        -D__MSP430FR5739__ -e --double=32 --dlib_config "D:\IAR Embedded
#        Workbench\430\lib\dlib\dl430xlsfn.h" --core=430X --data_model=small
#        -On --multiplier=32 --hw_workaround=CPU40 --code_model=large
#    List file     =  
#        C:\Users\Christopher\Documents\ECE 306\Project_06\Debug\List\init.lst
#    Object file   =  
#        C:\Users\Christopher\Documents\ECE 306\Project_06\Debug\Obj\init.r43
#
###############################################################################

C:\Users\Christopher\Documents\ECE 306\Project_06\init.c
      1          //******************************************************************************
      2          //
      3          //  Description: This file contains the INIT Routine that sets the displays
      4          //  initial conditions for operations
      5          //
      6          //  Christopher Woedy
      7          //  Sept 2015
      8          //  Built with IAR Embedded Workbench Version: V4.10A/W32 (6.30.3)
      9          //******************************************************************************
     10          
     11          //------------------------------------------------------------------------------
     12          
     13          //Points to Header files for Preprocessing
     14          #include  "msp430.h"
     15          #include  "functions.h"
     16          #include  "macros.h"
     17          

   \                                 In  segment CODE, align 2
     18          void Init_Conditions(void){
   \                     Init_Conditions:
     19          //******************************************************************************
     20          //
     21          //  Description: This file contains the INIT Routine that sets the displays
     22          //  Initial conditions for operations
     23          //
     24          //  Christopher Woedy
     25          //  Sept 2015
     26          //  Built with IAR Embedded Workbench Version: V4.10A/W32 (6.30.3)
     27          //
     28          // Globals: display_1, display_2, display_3, display_4, &display_line_1,
     29          // &display_line_2, &display_line_3, &display_line_4
     30          //
     31          // Passed: 
     32          //
     33          // Local: 
     34          //
     35          // Return: VOID
     36          //
     37          //******************************************************************************  
     38            
     39          // Interrupts are disabled by default; thus, enable them
     40            enable_interrupts();
   \   000000   ........     CALLA   #enable_interrupts
     41            display_1 = &display_line_1[INITIAL];
   \   000004   B240........ MOV.W   #display_line_1, &display_1
     42            display_2 = &display_line_2[INITIAL];
   \   00000A   B240........ MOV.W   #display_line_2, &display_2
     43            display_3 = &display_line_3[INITIAL];
   \   000010   B240........ MOV.W   #display_line_3, &display_3
     44            display_4 = &display_line_4[INITIAL];
   \   000016   B240........ MOV.W   #display_line_4, &display_4
     45          
     46          //------------------------------------------------------------------------------
     47          }
   \   00001C   1001         RETA

   Maximum stack usage in bytes:

   CSTACK Function
   ------ --------
      4   Init_Conditions
        4   -> enable_interrupts


   Segment part sizes:

   Bytes  Function/Label
   -----  --------------
      30  Init_Conditions

 
 30 bytes in segment CODE
 
 30 bytes of CODE memory

Errors: none
Warnings: none
