###############################################################################
#
# IAR C/C++ Compiler V6.30.2.940/W32 for MSP430           02/Nov/2015  17:54:46
# Copyright 1996-2015 IAR Systems AB.
# Standalone license - IAR Embedded Workbench for Texas Instruments MSP430, 8K KickStart Edition 6.30
#
#    __rt_version  =  3
#    __double_size =  32
#    __reg_r4      =  free
#    __reg_r5      =  free
#    __pic         =  no
#    __core        =  430X
#    __data_model  =  small
#    __code_model  =  large
#    Source file   =  C:\Users\Christopher\Documents\ECE 306\Project_06\LED.c
#    Command line  =  
#        "C:\Users\Christopher\Documents\ECE 306\Project_06\LED.c" -lC
#        "C:\Users\Christopher\Documents\ECE 306\Project_06\Debug\List\" -o
#        "C:\Users\Christopher\Documents\ECE 306\Project_06\Debug\Obj\"
#        --no_cse --no_unroll --no_inline --no_code_motion --no_tbaa --debug
#        -D__MSP430FR5739__ -e --double=32 --dlib_config "D:\IAR Embedded
#        Workbench\430\lib\dlib\dl430xlsfn.h" --core=430X --data_model=small
#        -On --multiplier=32 --hw_workaround=CPU40 --code_model=large
#    List file     =  
#        C:\Users\Christopher\Documents\ECE 306\Project_06\Debug\List\LED.lst
#    Object file   =  
#        C:\Users\Christopher\Documents\ECE 306\Project_06\Debug\Obj\LED.r43
#
###############################################################################

C:\Users\Christopher\Documents\ECE 306\Project_06\LED.c
      1          //******************************************************************************
      2          //
      3          //  Description: This file contains the LED Routine
      4          //
      5          //
      6          //  Christopher Woedy
      7          //  Sept 2015
      8          //  Built with IAR Embedded Workbench Version: V4.10A/W32 (6.30.3)
      9          //******************************************************************************
     10          
     11          //------------------------------------------------------------------------------
     12          
     13          //Points to Header files for Preprocessing
     14          #include  "msp430.h"
     15          #include  "functions.h"
     16          #include  "macros.h"
     17          

   \                                 In  segment CODE, align 2
     18          void Init_LEDs(void){
   \                     Init_LEDs:
     19          
     20          //******************************************************************************
     21          //
     22          //  Description: This file contains the LED Routine
     23          //
     24          //
     25          //  Christopher Woedy
     26          //  Sept 2015
     27          //  Built with IAR Embedded Workbench Version: V4.10A/W32 (6.30.3)
     28          //
     29          // Globals: 
     30          //
     31          // Passed: 
     32          //
     33          // Local: 
     34          //
     35          // Return: VOID
     36          //
     37          //****************************************************************************** 
     38            
     39          // Turns on all 8 LEDs
     40          //  PJOUT &= ~LED1;
     41          //  PJOUT &= ~LED2;
     42          //  PJOUT &= ~LED3;
     43          //  PJOUT &= ~LED4;
     44          //  P3OUT &= ~LED5;
     45          //  P3OUT &= ~LED6;
     46          //  P3OUT &= ~LED7;
     47          //  P3OUT &= ~LED8;
     48          //------------------------------------------------------------------------------
     49          }
   \   000000   1001         RETA

   Maximum stack usage in bytes:

   CSTACK Function
   ------ --------
      4   Init_LEDs


   Segment part sizes:

   Bytes  Function/Label
   -----  --------------
       2  Init_LEDs

 
 2 bytes in segment CODE
 
 2 bytes of CODE memory

Errors: none
Warnings: none
