###############################################################################
#
# IAR C/C++ Compiler V6.30.2.940/W32 for MSP430           16/Nov/2015  06:05:17
# Copyright 1996-2015 IAR Systems AB.
# Standalone license - IAR Embedded Workbench for Texas Instruments MSP430, 8K KickStart Edition 6.30
#
#    __rt_version  =  3
#    __double_size =  32
#    __reg_r4      =  free
#    __reg_r5      =  free
#    __pic         =  no
#    __core        =  430X
#    __data_model  =  small
#    __code_model  =  large
#    Source file   =  
#        \\vmware-host\Shared Folders\Desktop\ECE306Code\Project 07\switch.c
#    Command line  =  
#        "\\vmware-host\Shared Folders\Desktop\ECE306Code\Project 07\switch.c"
#        -lC "\\vmware-host\Shared Folders\Desktop\ECE306Code\Project
#        07\Debug\List\" -o "\\vmware-host\Shared
#        Folders\Desktop\ECE306Code\Project 07\Debug\Obj\" --no_cse --no_unroll
#        --no_inline --no_code_motion --no_tbaa --debug -D__MSP430FR5739__ -e
#        --double=32 --dlib_config "C:\Program Files (x86)\IAR Systems\Embedded
#        Workbench 7.2\430\lib\dlib\dl430xlsfn.h" --core=430X
#        --data_model=small -On --multiplier=32 --hw_workaround=CPU40
#        --code_model=large
#    List file     =  
#        \\vmware-host\Shared Folders\Desktop\ECE306Code\Project
#        07\Debug\List\switch.lst
#    Object file   =  
#        \\vmware-host\Shared Folders\Desktop\ECE306Code\Project
#        07\Debug\Obj\switch.r43
#
###############################################################################

\\vmware-host\Shared Folders\Desktop\ECE306Code\Project 07\switch.c
      1          //******************************************************************************
      2          //
      3          //  Description: This file contains code for the switches prcesses function.
      4          //   
      5          //
      6          //  Steffon Brigman
      7          //  Sept 2015
      8          //  Built with IAR Embedded Workbench Version: V4.10A/W32 (5.40.1)
      9          //******************************************************************************
     10          
     11          //------------------------------------------------------------------------------
     12          // Includes
     13          #include  "macros.h"
     14          #include  "msp430.h"

   \                                 In  segment DATA16_AN, at 0x220
   \   union <unnamed> _A_PBIN_L
   \                     _A_PBIN_L:
   \   000000                DS8 2
     15          #include  "functions.h"

   \                                 In  segment CODE, align 2
     16          void Switches_Process(void){
   \                     Switches_Process:
     17          //******************************************************************************
     18          //
     19          //  Description: This functions sets code for switch 1 and 2 upon being pressed
     20          //
     21          //  Steffon Brigman
     22          //  Sept 2015
     23          //  Built with IAR Embedded Workbench Version: V4.10A/W32 (5.40.1)
     24          //******************************************************************************
     25            if (!(P4IN & SW1)){
   \   000000   D2B32102     BIT.B   #0x1, &0x221
   \   000004   042C         JC      ??Switches_Process_0
     26              getIotStatus();
   \   000006   ........     CALLA   #getIotStatus
     27              displayIOT();
   \   00000A   ........     CALLA   #displayIOT
     28            }
     29            if (!(P4IN & SW2)) {
   \                     ??Switches_Process_0:
   \   00000E   E2B32102     BIT.B   #0x2, &0x221
   \   000012   042C         JC      ??Switches_Process_1
     30            getSSID();
   \   000014   ........     CALLA   #getSSID
     31            displayIOT();
   \   000018   ........     CALLA   #displayIOT
     32          }
     33          //------------------------------------------------------------------------------
     34          }
   \                     ??Switches_Process_1:
   \   00001C   1001         RETA
   \   00001E                REQUIRE _A_PBIN_L

   Maximum stack usage in bytes:

   CSTACK Function
   ------ --------
      4   Switches_Process
        4   -> displayIOT
        4   -> getIotStatus
        4   -> getSSID


   Segment part sizes:

   Bytes  Function/Label
   -----  --------------
      30  Switches_Process
       2  _A_PBIN_L

 
 30 bytes in segment CODE
  2 bytes in segment DATA16_AN
 
 30 bytes of CODE memory
  0 bytes of DATA memory (+ 2 bytes shared)

Errors: none
Warnings: none
