###############################################################################
#
# IAR C/C++ Compiler V6.30.2.940/W32 for MSP430           02/Nov/2015  13:44:30
# Copyright 1996-2015 IAR Systems AB.
# Standalone license - IAR Embedded Workbench for Texas Instruments MSP430, 8K KickStart Edition 6.30
#
#    __rt_version  =  3
#    __double_size =  32
#    __reg_r4      =  free
#    __reg_r5      =  free
#    __pic         =  no
#    __core        =  430X
#    __data_model  =  small
#    __code_model  =  large
#    Source file   =  
#        \\vmware-host\Shared Folders\Desktop\ECE306Code\Project 06\display.c
#    Command line  =  
#        "\\vmware-host\Shared Folders\Desktop\ECE306Code\Project 06\display.c"
#        -lC "\\vmware-host\Shared Folders\Desktop\ECE306Code\Project
#        06\Debug\List\" -o "\\vmware-host\Shared
#        Folders\Desktop\ECE306Code\Project 06\Debug\Obj\" --no_cse --no_unroll
#        --no_inline --no_code_motion --no_tbaa --debug -D__MSP430FR5739__ -e
#        --double=32 --dlib_config "C:\Program Files (x86)\IAR Systems\Embedded
#        Workbench 7.2\430\lib\dlib\dl430xlsfn.h" --core=430X
#        --data_model=small -On --multiplier=32 --hw_workaround=CPU40
#        --code_model=large
#    List file     =  
#        \\vmware-host\Shared Folders\Desktop\ECE306Code\Project
#        06\Debug\List\display.lst
#    Object file   =  
#        \\vmware-host\Shared Folders\Desktop\ECE306Code\Project
#        06\Debug\Obj\display.r43
#
###############################################################################

\\vmware-host\Shared Folders\Desktop\ECE306Code\Project 06\display.c
      1          //******************************************************************************
      2          //
      3          //  Description: This file contains the Dispaly Process function controlling
      4          //  the LCD.
      5          //
      6          //  Steffon Brigman
      7          //  Sept 2015
      8          //  Built with IAR Embedded Workbench Version: V4.10A/W32 (5.40.1)
      9          //******************************************************************************
     10          
     11          //------------------------------------------------------------------------------
     12          
     13          #include  "macros.h"
     14          #include  "msp430.h"
     15          #include  "functions.h"
     16          

   \                                 In  segment CODE, align 2
     17          void Display_Process(void){
   \                     Display_Process:
     18          // Function that initialezes LCD display
     19            ClrDisplay();
   \   000000   ........     CALLA   #ClrDisplay
     20            lcd_out(display_1, LCD_HOME_L1, posL1);
   \   000004   5E42....     MOV.B   &posL1, R14
   \   000008   7D408000     MOV.B   #0x80, R13
   \   00000C   1C42....     MOV.W   &display_1, R12
   \   000010   ........     CALLA   #lcd_out
     21            lcd_out(display_2, LCD_HOME_L2, posL2);
   \   000014   5E42....     MOV.B   &posL2, R14
   \   000018   7D40A000     MOV.B   #0xa0, R13
   \   00001C   1C42....     MOV.W   &display_2, R12
   \   000020   ........     CALLA   #lcd_out
     22            lcd_out(display_3, LCD_HOME_L3, posL3);
   \   000024   5E42....     MOV.B   &posL3, R14
   \   000028   7D40C000     MOV.B   #0xc0, R13
   \   00002C   1C42....     MOV.W   &display_3, R12
   \   000030   ........     CALLA   #lcd_out
     23            lcd_out(display_4, LCD_HOME_L4, posL4);
   \   000034   5E42....     MOV.B   &posL4, R14
   \   000038   7D40E000     MOV.B   #0xe0, R13
   \   00003C   1C42....     MOV.W   &display_4, R12
   \   000040   ........     BRA     #lcd_out
     24          }

   Maximum stack usage in bytes:

   CSTACK Function
   ------ --------
      4   Display_Process
        4   -> ClrDisplay
        0   -> lcd_out
        4   -> lcd_out


   Segment part sizes:

   Bytes  Function/Label
   -----  --------------
      68  Display_Process

 
 68 bytes in segment CODE
 
 68 bytes of CODE memory

Errors: none
Warnings: none
