###############################################################################
#
# IAR C/C++ Compiler V6.30.2.940/W32 for MSP430           02/Nov/2015  17:28:26
# Copyright 1996-2015 IAR Systems AB.
# Standalone license - IAR Embedded Workbench for Texas Instruments MSP430, 8K KickStart Edition 6.30
#
#    __rt_version  =  3
#    __double_size =  32
#    __reg_r4      =  free
#    __reg_r5      =  free
#    __pic         =  no
#    __core        =  430X
#    __data_model  =  small
#    __code_model  =  large
#    Source file   =  
#        \\vmware-host\Shared Folders\Desktop\ECE306Code\Project 06\int_hex.c
#    Command line  =  
#        "\\vmware-host\Shared Folders\Desktop\ECE306Code\Project 06\int_hex.c"
#        -lC "\\vmware-host\Shared Folders\Desktop\ECE306Code\Project
#        06\Debug\List\" -o "\\vmware-host\Shared
#        Folders\Desktop\ECE306Code\Project 06\Debug\Obj\" --no_cse --no_unroll
#        --no_inline --no_code_motion --no_tbaa --debug -D__MSP430FR5739__ -e
#        --double=32 --dlib_config "C:\Program Files (x86)\IAR Systems\Embedded
#        Workbench 7.2\430\lib\dlib\dl430xlsfn.h" --core=430X
#        --data_model=small -On --multiplier=32 --hw_workaround=CPU40
#        --code_model=large
#    List file     =  
#        \\vmware-host\Shared Folders\Desktop\ECE306Code\Project
#        06\Debug\List\int_hex.lst
#    Object file   =  
#        \\vmware-host\Shared Folders\Desktop\ECE306Code\Project
#        06\Debug\Obj\int_hex.r43
#
###############################################################################

\\vmware-host\Shared Folders\Desktop\ECE306Code\Project 06\int_hex.c
      1          /*******************************************************************************
      2          *        Author: Steffon Brigman
      3          *        Date:   October 2015
      4          *        Description: This file contains code to read data from the thumb wheel.
      5          *        Built with IAR Embedded Workbench Version: V7.0.5/W32 (6.10.5)
      6          *
      7          *        File name: int_hex.c
      8          *        Passed : No variables passed 
      9          *        Locals: No locals variables
     10          *        Returned: no values returned 
     11          *        Globlas: Listed in the globals section
     12          *******************************************************************************/
     13          
     14          // Includes
     15          #include  "macros.h"
     16          #include  "msp430.h"

   \                                 In  segment DATA16_AN, at 0x5ec
   \   union <unnamed> _A_UCA1RXBUF_L
   \                     _A_UCA1RXBUF_L:
   \   000000                DS8 2

   \                                 In  segment DATA16_AN, at 0x5ee
   \   union <unnamed> _A_UCA1TXBUF_L
   \                     _A_UCA1TXBUF_L:
   \   000000                DS8 2
     17          #include  "functions.h"
     18          

   \                                 In  segment CODE, align 2
     19          char int_hex_conversion(char received_char){ // receiving characters are chars
   \                     int_hex_conversion:
   \   000000   4E4C         MOV.B   R12, R14
     20          /*******************************************************************************
     21          *        Author: Steffon Brigman
     22          *        Date:   November 2015
     23          *        Description: This function converts integers into chars to display on LCD
     24          *        Built with IAR Embedded Workbench Version: V7.0.5/W32 (6.10.5)
     25          *
     26          *        Function name: int_hex_conversion
     27          *        Passed : number
     28          *        Locals: 
     29          *        Returned: converted_char
     30          *        Globlas: All listed in the globals section
     31          *******************************************************************************/
     32              int converted_number = received_char - ADC_conv2;
   \   000002   4C4E         MOV.B   R14, R12
   \   000004   3C50D0FF     ADD.W   #0xffd0, R12
     33              return converted_number;
   \   000008   1001         RETA
     34          }
     35          

   \                                 In  segment CODE, align 2
     36          char hex_int_conversion(int number){ // receiving characters are chars
   \                     hex_int_conversion:
     37          /*******************************************************************************
     38          *        Author: Steffon Brigman
     39          *        Date:   November 2015
     40          *        Description: This function converts integers into chars to display on LCD
     41          *        Built with IAR Embedded Workbench Version: V7.0.5/W32 (6.10.5)
     42          *
     43          *        Function name: int_hex_conversion
     44          *        Passed : number
     45          *        Locals: 
     46          *        Returned: converted_char
     47          *        Globlas: All listed in the globals section
     48          *******************************************************************************/
     49              char converted_number = number;
     50              return converted_number;
   \   000000   1001         RETA
     51          }
     52          

   \                                 In  segment CODE, align 2
     53          void count(unsigned int counter){
   \                     count:
   \   000000   3B15         PUSHM.W #0x4, R11
   \   000002   0A4C         MOV.W   R12, R10
     54          /*******************************************************************************
     55          *        Author: Steffon Brigman
     56          *        Date:   November 2015
     57          *        Description: This function converts integers into chars to display on LCD
     58          *        Built with IAR Embedded Workbench Version: V7.0.5/W32 (6.10.5)
     59          *
     60          *        Function name: int_hex_conversion
     61          *        Passed : number
     62          *        Locals: 
     63          *        Returned: converted_char
     64          *        Globlas: All listed in the globals section
     65          *******************************************************************************/
     66            counter = UCA1RXBUF;
   \   000004   1A42EC05     MOV.W   &0x5ec, R10
     67            if(counter == 0x007E){
   \   000008   3A907E00     CMP.W   #0x7e, R10
   \   00000C   0F20         JNE     ??count_0
     68              counter = ADC_conv2;
   \   00000E   3A403000     MOV.W   #0x30, R10
     69              display_1[line1] = ORIGINAL;
   \   000012   1F42....     MOV.W   &display_1, R15
   \   000016   CF430600     MOV.B   #0x0, 0x6(R15)
     70              display_1[line2] = ORIGINAL;
   \   00001A   1F42....     MOV.W   &display_1, R15
   \   00001E   CF430500     MOV.B   #0x0, 0x5(R15)
     71              display_1[line3] = ORIGINAL;
   \   000022   1F42....     MOV.W   &display_1, R15
   \   000026   CF430400     MOV.B   #0x0, 0x4(R15)
   \   00002A   013C         JMP     ??count_1
     72            }
     73            else {counter++;}
   \                     ??count_0:
   \   00002C   1A53         ADD.W   #0x1, R10
     74            Five_msec_Delay(30);
   \                     ??count_1:
   \   00002E   3C401E00     MOV.W   #0x1e, R12
   \   000032   ........     CALLA   #Five_msec_Delay
     75            counter = counter - ADC_conv2;
   \   000036   3A50D0FF     ADD.W   #0xffd0, R10
     76            
     77            char nibble1 = (counter & NIBBLE1);
   \   00003A   0912         PUSH.W  R9
   \   00003C   C14A0000     MOV.B   R10, 0(SP)
   \   000040   3941         POP.W   R9
   \   000042   79F00F00     AND.B   #0xf, R9
     78            char nibble2 = (counter & NIBBLE2);
   \   000046   0812         PUSH.W  R8
   \   000048   C14A0000     MOV.B   R10, 0(SP)
   \   00004C   3841         POP.W   R8
   \   00004E   78F0F000     AND.B   #0xf0, R8
     79            char nibble3 = (counter & NIBBLE3);
   \   000052   4B43         MOV.B   #0x0, R11
     80            
     81            decimal1 = nibble1;
   \   000054   4949         MOV.B   R9, R9
   \   000056   8249....     MOV.W   R9, &decimal1
     82            decimal2 = nibble2;
   \   00005A   4848         MOV.B   R8, R8
   \   00005C   8248....     MOV.W   R8, &decimal2
     83            decimal3 = nibble3;
   \   000060   4B4B         MOV.B   R11, R11
   \   000062   824B....     MOV.W   R11, &decimal3
     84            
     85            
     86            if(decimal1 > 9) {
   \   000066   B2900A00.... CMP.W   #0xa, &decimal1
   \   00006C   3728         JNC     ??count_2
     87              nibble1 = decimal1 - 10;
   \   00006E   5E42....     MOV.B   &decimal1, R14
   \   000072   7E50F600     ADD.B   #0xf6, R14
   \   000076   494E         MOV.B   R14, R9
     88              nibble1 = nibble1 + ADC_conv2;
   \   000078   79503000     ADD.B   #0x30, R9
     89              if(decimal2 != ZERO){decimal1 = decimal1 + decimal2; }
   \   00007C   8293....     CMP.W   #0x0, &decimal2
   \   000080   0424         JEQ     ??count_3
   \   000082   9252........ ADD.W   &decimal2, &decimal1
   \   000088   063C         JMP     ??count_4
     90              else {nibble2 = decimal2 + 1;nibble2 = nibble2 + ADC_conv2;}
   \                     ??count_3:
   \   00008A   5E42....     MOV.B   &decimal2, R14
   \   00008E   5E53         ADD.B   #0x1, R14
   \   000090   484E         MOV.B   R14, R8
   \   000092   78503000     ADD.B   #0x30, R8
     91              if(decimal2 > 9){
   \                     ??count_4:
   \   000096   B2900A00.... CMP.W   #0xa, &decimal2
   \   00009C   1C28         JNC     ??count_5
     92                nibble2 = decimal2 - 10;
   \   00009E   5E42....     MOV.B   &decimal2, R14
   \   0000A2   7E50F600     ADD.B   #0xf6, R14
   \   0000A6   484E         MOV.B   R14, R8
     93                if(decimal3 != ZERO){decimal2 = decimal2 + decimal3; }
   \   0000A8   8293....     CMP.W   #0x0, &decimal3
   \   0000AC   0424         JEQ     ??count_6
   \   0000AE   9252........ ADD.W   &decimal3, &decimal2
   \   0000B4   063C         JMP     ??count_7
     94                else {nibble3 = decimal3 + 1;nibble3 = nibble3 + ADC_conv2;}
   \                     ??count_6:
   \   0000B6   5E42....     MOV.B   &decimal3, R14
   \   0000BA   5E53         ADD.B   #0x1, R14
   \   0000BC   4B4E         MOV.B   R14, R11
   \   0000BE   7B503000     ADD.B   #0x30, R11
     95                if(decimal3 > 9) {nibble3 = decimal3 - 10;}
   \                     ??count_7:
   \   0000C2   B2900A00.... CMP.W   #0xa, &decimal3
   \   0000C8   1328         JNC     ??count_8
   \   0000CA   5E42....     MOV.B   &decimal3, R14
   \   0000CE   7E50F600     ADD.B   #0xf6, R14
   \   0000D2   4B4E         MOV.B   R14, R11
   \   0000D4   0D3C         JMP     ??count_8
     96              }
     97              else{
     98                nibble3 = nibble3 + ADC_conv2;
   \                     ??count_5:
   \   0000D6   7B503000     ADD.B   #0x30, R11
   \   0000DA   0A3C         JMP     ??count_8
     99              }
    100            }
    101            else{ 
    102              nibble1 = nibble1 + ADC_conv2;
   \                     ??count_2:
   \   0000DC   79503000     ADD.B   #0x30, R9
    103              
    104              nibble2 >>= 4;
   \   0000E0                RPT     #0x4
   \   0000E0   43194810     RRUX.B  R8
    105              nibble2 = nibble2 + ADC_conv2;
   \   0000E4   78503000     ADD.B   #0x30, R8
    106              
    107              nibble3 >>= 4;
   \   0000E8                RPT     #0x4
   \   0000E8   43194B10     RRUX.B  R11
    108              nibble3 = nibble3 + ADC_conv2;
   \   0000EC   7B503000     ADD.B   #0x30, R11
    109            }  
    110            
    111            
    112            display_1[line1] = nibble1;
   \                     ??count_8:
   \   0000F0   1F42....     MOV.W   &display_1, R15
   \   0000F4   CF490600     MOV.B   R9, 0x6(R15)
    113            display_1[line2] = nibble2;
   \   0000F8   1F42....     MOV.W   &display_1, R15
   \   0000FC   CF480500     MOV.B   R8, 0x5(R15)
    114            display_1[line3] = nibble3;
   \   000100   1F42....     MOV.W   &display_1, R15
   \   000104   CF4B0400     MOV.B   R11, 0x4(R15)
    115            posL1 = ZERO;
   \   000108   C243....     MOV.B   #0x0, &posL1
    116            display_2 = "          ";
   \   00010C   B240........ MOV.W   #`?<Constant "          ">`, &display_2
    117            posL2 = ZERO;
   \   000112   C243....     MOV.B   #0x0, &posL2
    118            display_3 = "          ";
   \   000116   B240........ MOV.W   #`?<Constant "          ">`, &display_3
    119            posL3 = ZERO;
   \   00011C   C243....     MOV.B   #0x0, &posL3
    120            display_4 = "          ";
   \   000120   B240........ MOV.W   #`?<Constant "          ">`, &display_4
    121            posL4 = ZERO;
   \   000126   C243....     MOV.B   #0x0, &posL4
    122            Display_Process();
   \   00012A   ........     CALLA   #Display_Process
    123            UCA1TXBUF = counter + ADC_conv2;
   \   00012E   0F4A         MOV.W   R10, R15
   \   000130   3F503000     ADD.W   #0x30, R15
   \   000134   824FEE05     MOV.W   R15, &0x5ee
    124          }
   \   000138   3817         POPM.W  #0x4, R11
   \   00013A   1001         RETA
   \   00013C                REQUIRE _A_UCA1RXBUF_L
   \   00013C                REQUIRE _A_UCA1TXBUF_L

   \                                 In  segment DATA16_C, align 1, align-sorted
   \                     `?<Constant "          ">`:
   \   000000   202020202020 DC8 "          "
   \            2020202000  

   Maximum stack usage in bytes:

   CSTACK Function
   ------ --------
     14   count
       12   -> Display_Process
       12   -> Five_msec_Delay
      4   hex_int_conversion
      4   int_hex_conversion


   Segment part sizes:

   Bytes  Function/Label
   -----  --------------
      11  ?<Constant "          ">
       2  _A_UCA1RXBUF_L
       2  _A_UCA1TXBUF_L
     316  count
       2  hex_int_conversion
      10  int_hex_conversion

 
 328 bytes in segment CODE
   4 bytes in segment DATA16_AN
  11 bytes in segment DATA16_C
 
 328 bytes of CODE  memory
  11 bytes of CONST memory
   0 bytes of DATA  memory (+ 4 bytes shared)

Errors: none
Warnings: none
