###############################################################################
#
# IAR C/C++ Compiler V6.30.2.940/W32 for MSP430           02/Nov/2015  04:28:22
# Copyright 1996-2015 IAR Systems AB.
# Standalone license - IAR Embedded Workbench for Texas Instruments MSP430, 8K KickStart Edition 6.30
#
#    __rt_version  =  3
#    __double_size =  32
#    __reg_r4      =  free
#    __reg_r5      =  free
#    __pic         =  no
#    __core        =  430X
#    __data_model  =  small
#    __code_model  =  large
#    Source file   =  
#        \\vmware-host\Shared Folders\Desktop\ECE306Code\Project
#        06\interrupts.c
#    Command line  =  
#        "\\vmware-host\Shared Folders\Desktop\ECE306Code\Project
#        06\interrupts.c" -lC "\\vmware-host\Shared
#        Folders\Desktop\ECE306Code\Project 06\Debug\List\" -o
#        "\\vmware-host\Shared Folders\Desktop\ECE306Code\Project
#        06\Debug\Obj\" --no_cse --no_unroll --no_inline --no_code_motion
#        --no_tbaa --debug -D__MSP430FR5739__ -e --double=32 --dlib_config
#        "C:\Program Files (x86)\IAR Systems\Embedded Workbench
#        7.2\430\lib\dlib\dl430xlsfn.h" --core=430X --data_model=small -On
#        --multiplier=32 --hw_workaround=CPU40 --code_model=large
#    List file     =  
#        \\vmware-host\Shared Folders\Desktop\ECE306Code\Project
#        06\Debug\List\interrupts.lst
#    Object file   =  
#        \\vmware-host\Shared Folders\Desktop\ECE306Code\Project
#        06\Debug\Obj\interrupts.r43
#
###############################################################################

\\vmware-host\Shared Folders\Desktop\ECE306Code\Project 06\interrupts.c
      1          #include  "macros.h"
      2          #include  "msp430.h"

   \                                 In  segment DATA16_AN, at 0x700
   \   union <unnamed> _A_ADC10CTL0_L
   \                     _A_ADC10CTL0_L:
   \   000000                DS8 2

   \                                 In  segment DATA16_AN, at 0x70a
   \   union <unnamed> _A_ADC10MCTL0_L
   \                     _A_ADC10MCTL0_L:
   \   000000                DS8 2

   \                                 In  segment DATA16_AN, at 0x712
   \   union <unnamed> _A_ADC10MEM0_L
   \                     _A_ADC10MEM0_L:
   \   000000                DS8 2

   \                                 In  segment DATA16_AN, at 0x71e
   \   union <unnamed> _A_ADC10IV_L
   \                     _A_ADC10IV_L:
   \   000000                DS8 2

   \                                 In  segment DATA16_AN, at 0x322
   \   union <unnamed> _A_PJOUT_L
   \                     _A_PJOUT_L:
   \   000000                DS8 2

   \                                 In  segment DATA16_AN, at 0x352
   \   unsigned short volatile TA0CCR0
   \                     TA0CCR0:
   \   000000                DS8 2

   \                                 In  segment DATA16_AN, at 0x5ec
   \   union <unnamed> _A_UCA1RXBUF_L
   \                     _A_UCA1RXBUF_L:
   \   000000                DS8 2

   \                                 In  segment DATA16_AN, at 0x5fe
   \   unsigned short volatile UCA1IV
   \                     UCA1IV:
   \   000000                DS8 2
      3          #include  "functions.h"
      4          /*******************************************************************************
      5          *        Author: Steffon Brigman
      6          *        Date:   October 2015
      7          *        Description: This file contains all interrupts used within this project.
      8          *        Built with IAR Embedded Workbench Version: V7.0.5/W32 (6.10.5)
      9          *
     10          *        File name: interrupts.c
     11          *        Passed : No variables passed 
     12          *        Locals: No variables defined
     13          *        Returned: no values returned 
     14          *        Globlas: ADC_Thumb
     15          *******************************************************************************/
     16          // TimerA0 0 Interrupt handler
     17          #pragma vector = TIMER0_A0_VECTOR
     18          

   \                                 In  segment ISR_CODE, align 2
     19          __interrupt void Timer0_A0_ISR(void){
   \                     Timer0_A0_ISR:
     20            /*******************************************************************************
     21          *        Author: Steffon Brigman
     22          *        Date:   October 2015
     23          *        Description: This functions is an interrupt used to control the motors.
     24          *        Built with IAR Embedded Workbench Version: V7.0.5/W32 (6.10.5)
     25          *
     26          *        Function name: Timer0_A0_ISR
     27          *        Passed : No variables passed 
     28          *        Locals: TA0CCR0, ISR_COUNT
     29          *        Returned: no values returned 
     30          *        Globlas: no variables defined
     31          *******************************************************************************/
     32          
     33           PJOUT ^= LED3; // Test signal
   \   000000   A2E22203     XOR.W   #0x4, &0x322
     34           ISR_COUNT++;
   \   000004   9253....     ADD.W   #0x1, &ISR_COUNT
     35           TA0CCR0 += TA0CCR0_INTERVAL; // Add Offset to TACCR0
   \   000008   B25010275203 ADD.W   #0x2710, &0x352
     36           if(ISR_COUNT>FIVE_SECONDS){
   \   00000E   B290FC00.... CMP.W   #0xfc, &ISR_COUNT
   \   000014   0238         JL      ??Timer0_A0_ISR_0
     37             ISR_COUNT = ZERO;
   \   000016   8243....     MOV.W   #0x0, &ISR_COUNT
     38           }
     39          }
   \                     ??Timer0_A0_ISR_0:
   \   00001A   0013         RETI
   \   00001C                REQUIRE _A_PJOUT_L
   \   00001C                REQUIRE TA0CCR0
     40          
     41          //------------------------------------------------------------------------------
     42          // ADC10 interrupt service routine
     43          // ADC_Right_Detector; // A00 ADC10INCH_0 - P1.0
     44          // ADC_Left_Detector; // A01 ADC10INCH_1 - P1.1
     45          // ADC_Thumb; // A03 ADC10INCH_3 - P1.3
     46          // ADC_Temp; // A10 ADC10INCH_10 – Temperature REF module
     47          // ADC_Bat; // A11 ADC10INCH_11 - Internal
     48          #pragma vector=ADC10_VECTOR

   \                                 In  segment ISR_CODE, align 2
     49          __interrupt void ADC10_ISR(void){
   \                     ADC10_ISR:
   \   000000   0F12         PUSH.W  R15
     50            /*******************************************************************************
     51          *        Author: Steffon Brigman
     52          *        Date:   October 2015
     53          *        Description: This functions is an interrupt used to control the motors.
     54          *        Built with IAR Embedded Workbench Version: V7.0.5/W32 (6.10.5)
     55          *
     56          *        Function name: ADC10_ISR
     57          *        Passed : No variables passed 
     58          *        Locals: none declared
     59          *        Returned: no values returned 
     60          *        Globlas: ADC_Right_Detector, ADC_Left_Detector, ADC_Thumb
     61          *******************************************************************************/
     62           switch(__even_in_range(ADC10IV,12)) {
   \   000002   1F421E07     MOV.W   &0x71e, R15
   \   000006   E00F         ADDA    R15, PC
   \                     `?<Jumptable for ADC10_ISR>_0`:
   \   000008   2A3C         JMP     ??ADC10_ISR_1
   \   00000A   293C         JMP     ??ADC10_ISR_1
   \   00000C   283C         JMP     ??ADC10_ISR_1
   \   00000E   273C         JMP     ??ADC10_ISR_1
   \   000010   263C         JMP     ??ADC10_ISR_1
   \   000012   253C         JMP     ??ADC10_ISR_1
   \   000014   003C         JMP     ??ADC10_ISR_5
     63           case 0: break; // No interrupt
     64           case 2: break; // conversion result overflow
     65           case 4: break; // conversion time overflow
     66           case 6: break; // ADC10HI
     67           case 8: break; // ADC10LO
     68           case 10: break; // ADC10IN
     69           case 12:
     70                 // Need this to change the ADC10INCH_x value.
     71               ADC10CTL0 &= ~ADC10ENC; // Toggle ENC bit.
   \                     ??ADC10_ISR_5:
   \   000016   A2C30007     BIC.W   #0x2, &0x700
     72               
     73               switch (ADC_Channel){
   \   00001A   1F42....     MOV.W   &ADC_Channel, R15
   \   00001E   0F83         SUB.W   #0x0, R15
   \   000020   0524         JEQ     ??ADC10_ISR_2
   \   000022   1F83         SUB.W   #0x1, R15
   \   000024   0B24         JEQ     ??ADC10_ISR_3
   \   000026   1F83         SUB.W   #0x1, R15
   \   000028   1124         JEQ     ??ADC10_ISR_4
   \   00002A   163C         JMP     ??ADC10_ISR_0
     74               case Right_Detector:
     75               ADC10MCTL0 = ADC10INCH_0; //  channel A0
   \                     ??ADC10_ISR_2:
   \   00002C   82430A07     MOV.W   #0x0, &0x70a
     76               ADC_Right_Detector = ADC10MEM0; // Read Channel A0
   \   000030   92421207.... MOV.W   &0x712, &ADC_Right_Detector
     77               ADC_Channel++;
   \   000036   9253....     ADD.W   #0x1, &ADC_Channel
     78               break;
   \   00003A   0E3C         JMP     ??ADC10_ISR_0
     79               
     80               case Left_Detector:
     81               ADC10MCTL0 = ADC10INCH_1; //  channel A1
   \                     ??ADC10_ISR_3:
   \   00003C   92430A07     MOV.W   #0x1, &0x70a
     82               ADC_Left_Detector = ADC10MEM0; // Read Channel A1
   \   000040   92421207.... MOV.W   &0x712, &ADC_Left_Detector
     83               ADC_Channel = ZERO;
   \   000046   8243....     MOV.W   #0x0, &ADC_Channel
     84               break;
   \   00004A   063C         JMP     ??ADC10_ISR_0
     85               
     86               case Thumbwheel:
     87               ADC10MCTL0 = ADC10INCH_3; // Next channel A0
   \                     ??ADC10_ISR_4:
   \   00004C   B24003000A07 MOV.W   #0x3, &0x70a
     88               ADC_Thumb = ADC10MEM0; // Read Channel A3
   \   000052   92421207.... MOV.W   &0x712, &ADC_Thumb
     89               //ADC_Channel = ZERO;
     90               break;
     91               
     92               /*case CHANNEL_A10:
     93               ADC10MCTL0 = ADC10INCH_10; // Next channel A10
     94               ADC_Temp = ADC10MEM0; // Read Channel A10
     95               ADC_Channel++;
     96               break;
     97               
     98               case CHANNEL_A11:
     99               ADC10MCTL0 = ADC10INCH_0; // Next channel A0
    100               ADC_Bat = ADC10MEM0; // Read Channel A11
    101               ADC_Channel= ZERO;
    102               break;*/
    103               
    104               default: break;
    105               }
    106             ADC10CTL0 |= ADC10ENC | ADC10SC; // Start next sample.
   \                     ??ADC10_ISR_0:
   \   000058   B2D003000007 BIS.W   #0x3, &0x700
    107           default: break;
    108             }
    109          }
   \                     ??ADC10_ISR_1:
   \   00005E   3F41         POP.W   R15
   \   000060   0013         RETI
   \   000062                REQUIRE _A_ADC10CTL0_L
   \   000062                REQUIRE _A_ADC10MCTL0_L
   \   000062                REQUIRE _A_ADC10MEM0_L
   \   000062                REQUIRE _A_ADC10IV_L
    110          //-----------------------------------------------------------------------------
    111          
    112          //------------------------------------------------------------------------------
    113          #pragma vector=USCI_A1_VECTOR

   \                                 In  segment ISR_CODE, align 2
    114          __interrupt void USCI_A1_ISR(void){
   \                     USCI_A1_ISR:
   \   000000   1F15         PUSHM.W #0x2, R15
    115          /*******************************************************************************
    116          *        Author: Steffon Brigman
    117          *        Date:   October 2015
    118          *        Description: This function is the transmit and receive interrupt for UART
    119          *        Built with IAR Embedded Workbench Version: V7.0.5/W32 (6.10.5)
    120          *
    121          *        Function name: USCI_A1_ISR
    122          *        Passed : No variables passed 
    123          *        Returned: no values returned 
    124          *        Globlas: temp, cpu_rx_ring_wr
    125          *******************************************************************************/
    126           unsigned int temp;
    127           switch(__even_in_range(UCA1IV,UART_MAX)){
   \   000002   1E42FE05     MOV.W   &0x5fe, R14
   \   000006   E00E         ADDA    R14, PC
   \                     `?<Jumptable for USCI_A1_ISR>_0`:
   \   000008   123C         JMP     ??USCI_A1_ISR_2
   \   00000A   033C         JMP     ??USCI_A1_ISR_3
   \   00000C   103C         JMP     ??USCI_A1_ISR_2
   \   00000E   0F3C         JMP     ??USCI_A1_ISR_2
   \   000010   0E3C         JMP     ??USCI_A1_ISR_2
    128           case ZERO: // Vector 0 - no interrupt
    129           break;
    130           case RECEIVE: // Vector 2 – RXIFG
    131             temp = cpu_rx_ring_wr;
   \                     ??USCI_A1_ISR_3:
   \   000012   1F42....     MOV.W   &cpu_rx_ring_wr, R15
    132             CPU_Char_Rx[temp] = UCA1RXBUF; // RX -> CPU_Char_Rx character
   \   000016   1E42EC05     MOV.W   &0x5ec, R14
   \   00001A   CF4E....     MOV.B   R14, CPU_Char_Rx(R15)
    133             if (++cpu_rx_ring_wr >= (RING_8)){
   \   00001E   9253....     ADD.W   #0x1, &cpu_rx_ring_wr
   \   000022   B2900A00.... CMP.W   #0xa, &cpu_rx_ring_wr
   \   000028   0228         JNC     ??USCI_A1_ISR_2
    134             cpu_rx_ring_wr = BEGINNING; // Circular buffer back to beginning
   \   00002A   8243....     MOV.W   #0x0, &cpu_rx_ring_wr
    135             }
    136           break;
    137           case TRANSMIT: // Vector 4 – TXIFG
    138          // Code for Transmit
    139           break;
    140           default: break;
    141           }
    142          }
   \                     ??USCI_A1_ISR_2:
   \   00002E   1E17         POPM.W  #0x2, R15
   \   000030   0013         RETI
   \   000032                REQUIRE _A_UCA1RXBUF_L
   \   000032                REQUIRE UCA1IV

   \                                 In  segment INTVEC, offset 0x56, root
   \                     `??USCI_A1_ISR::??INTVEC 86`:
   \   000056   ....         DC16    USCI_A1_ISR

   \                                 In  segment INTVEC, offset 0x5a, root
   \                     `??Timer0_A0_ISR::??INTVEC 90`:
   \   00005A   ....         DC16    Timer0_A0_ISR

   \                                 In  segment INTVEC, offset 0x5c, root
   \                     `??ADC10_ISR::??INTVEC 92`:
   \   00005C   ....         DC16    ADC10_ISR
    143          //------------------------------------------------------------------------------

   Maximum stack usage in bytes:

   CSTACK Function
   ------ --------
      6   ADC10_ISR
      4   Timer0_A0_ISR
      8   USCI_A1_ISR


   Segment part sizes:

   Bytes  Function/Label
   -----  --------------
      98  ADC10_ISR
       2  ADC10_ISR::??INTVEC 92
       2  TA0CCR0
      28  Timer0_A0_ISR
       2  Timer0_A0_ISR::??INTVEC 90
       2  UCA1IV
      50  USCI_A1_ISR
       2  USCI_A1_ISR::??INTVEC 86
       2  _A_ADC10CTL0_L
       2  _A_ADC10IV_L
       2  _A_ADC10MCTL0_L
       2  _A_ADC10MEM0_L
       2  _A_PJOUT_L
       2  _A_UCA1RXBUF_L

 
  16 bytes in segment DATA16_AN
   6 bytes in segment INTVEC
 176 bytes in segment ISR_CODE
 
 176 bytes of CODE  memory
   0 bytes of CONST memory (+  6 bytes shared)
   0 bytes of DATA  memory (+ 16 bytes shared)

Errors: none
Warnings: none
