###############################################################################
#
# IAR C/C++ Compiler V6.30.2.940/W32 for MSP430           02/Nov/2015  15:42:19
# Copyright 1996-2015 IAR Systems AB.
# Standalone license - IAR Embedded Workbench for Texas Instruments MSP430, 8K KickStart Edition 6.30
#
#    __rt_version  =  3
#    __double_size =  32
#    __reg_r4      =  free
#    __reg_r5      =  free
#    __pic         =  no
#    __core        =  430X
#    __data_model  =  small
#    __code_model  =  large
#    Source file   =  
#        \\vmware-host\Shared Folders\Desktop\ECE306Code\Project 06\main.c
#    Command line  =  
#        "\\vmware-host\Shared Folders\Desktop\ECE306Code\Project 06\main.c"
#        -lC "\\vmware-host\Shared Folders\Desktop\ECE306Code\Project
#        06\Debug\List\" -o "\\vmware-host\Shared
#        Folders\Desktop\ECE306Code\Project 06\Debug\Obj\" --no_cse --no_unroll
#        --no_inline --no_code_motion --no_tbaa --debug -D__MSP430FR5739__ -e
#        --double=32 --dlib_config "C:\Program Files (x86)\IAR Systems\Embedded
#        Workbench 7.2\430\lib\dlib\dl430xlsfn.h" --core=430X
#        --data_model=small -On --multiplier=32 --hw_workaround=CPU40
#        --code_model=large
#    List file     =  
#        \\vmware-host\Shared Folders\Desktop\ECE306Code\Project
#        06\Debug\List\main.lst
#    Object file   =  
#        \\vmware-host\Shared Folders\Desktop\ECE306Code\Project
#        06\Debug\Obj\main.r43
#
###############################################################################

\\vmware-host\Shared Folders\Desktop\ECE306Code\Project 06\main.c
      1          //******************************************************************************
      2          //
      3          //  Description: This file contains the Main Routine - "While" Operating System
      4          //
      5          //
      6          //  Steffon Brigman
      7          //  Sept 2015
      8          //  Built with IAR Embedded Workbench Version: V4.10A/W32 (5.40.1)
      9          //******************************************************************************
     10          
     11          //------------------------------------------------------------------------------
     12          #include  "macros.h"
     13          #include  "msp430.h"

   \                                 In  segment DATA16_AN, at 0x322
   \   union <unnamed> _A_PJOUT_L
   \                     _A_PJOUT_L:
   \   000000                DS8 2
     14          #include  "functions.h"
     15          
     16          // Global Variables

   \                                 In  segment DATA16_Z, align 1, align-sorted
   \   000000                REQUIRE ?cstart_init_zero
     17          volatile unsigned char control_state[CNTL_STATE_INDEX];
   \                     control_state:
   \   000000                DS8 3

   \                                 In  segment DATA16_Z, align 2, align-sorted
   \   000000                REQUIRE ?cstart_init_zero
     18          volatile unsigned int Time_Sequence;
   \                     Time_Sequence:
   \   000000                DS8 2

   \                                 In  segment DATA16_Z, align 1, align-sorted
   \   000000                REQUIRE ?cstart_init_zero
     19          char led_smclk;
   \                     led_smclk:
   \   000000                DS8 1

   \                                 In  segment DATA16_Z, align 2, align-sorted
   \   000000                REQUIRE ?cstart_init_zero
     20          int ISR_COUNT;
   \                     ISR_COUNT:
   \   000000                DS8 2

   \                                 In  segment DATA16_Z, align 2, align-sorted
   \   000000                REQUIRE ?cstart_init_zero
     21          unsigned int ADC_Thumb;
   \                     ADC_Thumb:
   \   000000                DS8 2

   \                                 In  segment DATA16_Z, align 2, align-sorted
   \   000000                REQUIRE ?cstart_init_zero
     22          unsigned int ADC_Right_Detector;
   \                     ADC_Right_Detector:
   \   000000                DS8 2

   \                                 In  segment DATA16_Z, align 2, align-sorted
   \   000000                REQUIRE ?cstart_init_zero
     23          unsigned int ADC_Left_Detector;
   \                     ADC_Left_Detector:
   \   000000                DS8 2

   \                                 In  segment DATA16_Z, align 2, align-sorted
   \   000000                REQUIRE ?cstart_init_zero
     24          unsigned int ADC_Temp;
   \                     ADC_Temp:
   \   000000                DS8 2

   \                                 In  segment DATA16_Z, align 2, align-sorted
   \   000000                REQUIRE ?cstart_init_zero
     25          unsigned int ADC_Bat;
   \                     ADC_Bat:
   \   000000                DS8 2

   \                                 In  segment DATA16_Z, align 2, align-sorted
   \   000000                REQUIRE ?cstart_init_zero
     26          unsigned int tracking_value_high;
   \                     tracking_value_high:
   \   000000                DS8 2

   \                                 In  segment DATA16_Z, align 2, align-sorted
   \   000000                REQUIRE ?cstart_init_zero
     27          unsigned int tracking_value_low;
   \                     tracking_value_low:
   \   000000                DS8 2

   \                                 In  segment DATA16_Z, align 2, align-sorted
   \   000000                REQUIRE ?cstart_init_zero
     28          unsigned int tracking_value;
   \                     tracking_value:
   \   000000                DS8 2

   \                                 In  segment DATA16_Z, align 2, align-sorted
   \   000000                REQUIRE ?cstart_init_zero
     29          unsigned int ambience;
   \                     ambience:
   \   000000                DS8 2

   \                                 In  segment DATA16_Z, align 2, align-sorted
   \   000000                REQUIRE ?cstart_init_zero
     30          int ADC_Channel = ZERO;
   \                     ADC_Channel:
   \   000000                DS8 2

   \                                 In  segment DATA16_Z, align 1, align-sorted
   \   000000                REQUIRE ?cstart_init_zero
     31          volatile char one_time;
   \                     one_time:
   \   000000                DS8 1
     32          extern char display_line_1[DISPLAY_LENGTH];
     33          extern char display_line_2[DISPLAY_LENGTH];
     34          extern char display_line_3[DISPLAY_LENGTH];
     35          extern char display_line_4[DISPLAY_LENGTH];
     36          extern char *display_1;
     37          extern char *display_2;
     38          extern char *display_3;
     39          extern char *display_4;

   \                                 In  segment DATA16_Z, align 1, align-sorted
   \   000000                REQUIRE ?cstart_init_zero
     40          char posL1;
   \                     posL1:
   \   000000                DS8 1

   \                                 In  segment DATA16_Z, align 1, align-sorted
   \   000000                REQUIRE ?cstart_init_zero
     41          char posL2;
   \                     posL2:
   \   000000                DS8 1

   \                                 In  segment DATA16_Z, align 1, align-sorted
   \   000000                REQUIRE ?cstart_init_zero
     42          char posL3;
   \                     posL3:
   \   000000                DS8 1

   \                                 In  segment DATA16_Z, align 1, align-sorted
   \   000000                REQUIRE ?cstart_init_zero
     43          char posL4;
   \                     posL4:
   \   000000                DS8 1

   \                                 In  segment DATA16_Z, align 1, align-sorted
   \   000000                REQUIRE ?cstart_init_zero
     44          char size_count;
   \                     size_count:
   \   000000                DS8 1

   \                                 In  segment DATA16_Z, align 2, align-sorted
   \   000000                REQUIRE ?cstart_init_zero
     45          unsigned int cpu_rx_ring_wr;
   \                     cpu_rx_ring_wr:
   \   000000                DS8 2

   \                                 In  segment DATA16_Z, align 2, align-sorted
   \   000000                REQUIRE ?cstart_init_zero
     46          unsigned int cpu_rx_ring_rd;
   \                     cpu_rx_ring_rd:
   \   000000                DS8 2

   \                                 In  segment DATA16_Z, align 2, align-sorted
   \   000000                REQUIRE ?cstart_init_zero
     47          unsigned int cpu_tx_ring_wr;
   \                     cpu_tx_ring_wr:
   \   000000                DS8 2

   \                                 In  segment DATA16_Z, align 2, align-sorted
   \   000000                REQUIRE ?cstart_init_zero
     48          unsigned int cpu_tx_ring_rd;
   \                     cpu_tx_ring_rd:
   \   000000                DS8 2

   \                                 In  segment DATA16_Z, align 1, align-sorted
   \   000000                REQUIRE ?cstart_init_zero
     49          char big;
   \                     big:
   \   000000                DS8 1

   \                                 In  segment DATA16_Z, align 1, align-sorted
   \   000000                REQUIRE ?cstart_init_zero
     50          volatile char CPU_Char_Rx[16];
   \                     CPU_Char_Rx:
   \   000000                DS8 16

   \                                 In  segment DATA16_Z, align 1, align-sorted
   \   000000                REQUIRE ?cstart_init_zero
     51          volatile char CPU_Char_Tx[16];
   \                     CPU_Char_Tx:
   \   000000                DS8 16

   \                                 In  segment DATA16_Z, align 1, align-sorted
   \   000000                REQUIRE ?cstart_init_zero
     52          char converted_char;
   \                     converted_char:
   \   000000                DS8 1

   \                                 In  segment DATA16_Z, align 2, align-sorted
   \   000000                REQUIRE ?cstart_init_zero
     53          unsigned int counter = ZERO;
   \                     counter:
   \   000000                DS8 2

   \                                 In  segment DATA16_Z, align 2, align-sorted
   \   000000                REQUIRE ?cstart_init_zero
     54          unsigned int decimal1 = ZERO;
   \                     decimal1:
   \   000000                DS8 2

   \                                 In  segment DATA16_Z, align 2, align-sorted
   \   000000                REQUIRE ?cstart_init_zero
     55          unsigned int decimal2 = ZERO;
   \                     decimal2:
   \   000000                DS8 2

   \                                 In  segment DATA16_Z, align 2, align-sorted
   \   000000                REQUIRE ?cstart_init_zero
     56          unsigned int decimal3 = ZERO;
   \                     decimal3:
   \   000000                DS8 2
     57          

   \                                 In  segment CODE, align 2
     58          void main(void){
   \                     main:
     59          //------------------------------------------------------------------------------
     60          // Main Program
     61          // This is the main routine for the program. Execution of code starts here.
     62          // The operating system is Back Ground Fore Ground.
     63          // 
     64          //------------------------------------------------------------------------------
     65            Init_Ports();
   \   000000   ........     CALLA   #Init_Ports
     66            Init_Clocks();                            // Initialize Clock System 
   \   000004   ........     CALLA   #Init_Clocks
     67            Init_Conditions();
   \   000008   ........     CALLA   #Init_Conditions
     68            PJOUT |= LED1;                            // Turn LED 1 on to indicate boot
   \   00000C   92D32203     BIS.W   #0x1, &0x322
     69            Time_Sequence = ZERO;                        // 
   \   000010   8243....     MOV.W   #0x0, &Time_Sequence
     70            Init_Timers();                            // Initialize Timers
   \   000014   ........     CALLA   #Init_Timers
     71            five_msec_sleep(QUARTER_SECOND);          // 250 msec delay for the clock to settle
   \   000018   3C403200     MOV.W   #0x32, R12
   \   00001C   ........     CALLA   #five_msec_sleep
     72            Init_LEDs();                              // Initialize LEDs
   \   000020   ........     CALLA   #Init_LEDs
     73            Init_LCD();                               // Initialize LCD
   \   000024   ........     CALLA   #Init_LCD
     74            Init_Motors();                            // Turns off both motors
   \   000028   ........     CALLA   #Init_Motors
     75            Init_ADC();
   \   00002C   ........     CALLA   #Init_ADC
     76            Init_Serial_UCA1();
   \   000030   ........     CALLA   #Init_Serial_UCA1
     77            
     78          //             1234567890
     79            ClrDisplay();
   \   000034   ........     CALLA   #ClrDisplay
     80            display_1 = "NCSU";
   \   000038   B240........ MOV.W   #`?<Constant "NCSU">`, &display_1
     81            posL1 = SW1_posL1;
   \   00003E   F2400300.... MOV.B   #0x3, &posL1
     82            display_2 = "WOLFPACK";
   \   000044   B240........ MOV.W   #`?<Constant "WOLFPACK">`, &display_2
     83            posL2 = SW1_posL2;
   \   00004A   D243....     MOV.B   #0x1, &posL2
     84            display_3 = "ECE306";
   \   00004E   B240........ MOV.W   #`?<Constant "ECE306">`, &display_3
     85            posL3 = SW1_posL3;
   \   000054   E243....     MOV.B   #0x2, &posL3
     86            display_4 = "S Brigman";
   \   000058   B240........ MOV.W   #`?<Constant "S Brigman">`, &display_4
     87            posL4 = SW1_posL4;
   \   00005E   D243....     MOV.B   #0x1, &posL4
     88            big = ZERO;
   \   000062   C243....     MOV.B   #0x0, &big
     89            Display_Process();
   \   000066   ........     CALLA   #Display_Process
     90            
     91            /*Five_msec_Delay(FIVE_SECONDS); // delay for 5s
     92            
     93              display_1 = "          ";
     94              posL1 = ZERO;
     95              display_2 = "          ";
     96              posL2 = ZERO;
     97              display_3 = "Baud Rate";
     98              posL3 = ALWAYS;
     99              display_4 = "          ";
    100              posL4 = ZERO;
    101              Display_Process();*/
    102          //------------------------------------------------------------------------------
    103          // Begining of the "While" Operating System
    104          //------------------------------------------------------------------------------
    105           while(ALWAYS) {                            // Can the Operating system run
    106            switch(Time_Sequence){
   \                     ??main_0:
   \   00006A   1F42....     MOV.W   &Time_Sequence, R15
   \   00006E   3F803200     SUB.W   #0x32, R15
   \   000072   2224         JEQ     ??main_3
   \   000074   3F803200     SUB.W   #0x32, R15
   \   000078   1A24         JEQ     ??main_4
   \   00007A   3F803200     SUB.W   #0x32, R15
   \   00007E   1224         JEQ     ??main_5
   \   000080   3F803200     SUB.W   #0x32, R15
   \   000084   0A24         JEQ     ??main_6
   \   000086   3F803200     SUB.W   #0x32, R15
   \   00008A   1F20         JNE     ??main_1
    107              case FULL_SECOND:                               // 1000 msec  
    108                if(one_time){
   \   00008C   C293....     CMP.B   #0x0, &one_time
   \   000090   0224         JEQ     ??main_7
    109                  //Init_LEDs();                        // Initialize LEDs
    110                  one_time = ZERO;
   \   000092   C243....     MOV.B   #0x0, &one_time
    111                }
    112                Time_Sequence = ZERO;                    // 
   \                     ??main_7:
   \   000096   8243....     MOV.W   #0x0, &Time_Sequence
    113              case THOU_MS:                               // 1000 msec  
    114                if(one_time){
   \                     ??main_6:
   \   00009A   C293....     CMP.B   #0x0, &one_time
   \   00009E   0224         JEQ     ??main_5
    115                  //P3OUT |= LED5;                      // Change State of LED 5
    116                  one_time = ZERO;
   \   0000A0   C243....     MOV.B   #0x0, &one_time
    117                }
    118              case THIRD_SECOND:                               // 750 msec  
    119                if(one_time){
   \                     ??main_5:
   \   0000A4   C293....     CMP.B   #0x0, &one_time
   \   0000A8   0224         JEQ     ??main_4
    120                  //PJOUT |= LED3;                      // Change State of LED 3
    121                  //P3OUT |= LED6;                      // Change State of LED 6
    122                  one_time = ZERO;
   \   0000AA   C243....     MOV.B   #0x0, &one_time
    123                }
    124              case HALF_SECOND:                               // 500 msec  
    125                if(one_time){
   \                     ??main_4:
   \   0000AE   C293....     CMP.B   #0x0, &one_time
   \   0000B2   0224         JEQ     ??main_3
    126                  //PJOUT |= LED2;                      // Change State of LED 2
    127                  //P3OUT |= LED7;                      // Change State of LED 7
    128                  one_time = ZERO;
   \   0000B4   C243....     MOV.B   #0x0, &one_time
    129                }
    130              case  QUARTER_SECOND:                               // 250 msec  
    131                if(one_time){
   \                     ??main_3:
   \   0000B8   C293....     CMP.B   #0x0, &one_time
   \   0000BC   0224         JEQ     ??main_8
    132                  //PJOUT |= LED1;                      // Change State of LED 1
    133                  //P3OUT |= LED8;                      // Change State of LED 8
    134                  one_time = ZERO;
   \   0000BE   C243....     MOV.B   #0x0, &one_time
    135                }
    136                size_count++;
   \                     ??main_8:
   \   0000C2   D253....     ADD.B   #0x1, &size_count
    137                /*if(size_count > BIG_LETTERS){
    138                  size_count = ZERO;
    139                  if(big){
    140                    lcd_BIG_mid();
    141                    big = ZERO;
    142                  }else{
    143                    lcd_4line();
    144                    big = ONE;
    145                  }
    146                }*/
    147                Display_Process();
   \   0000C6   ........     CALLA   #Display_Process
    148                break;                                // 
    149              default: break; 
    150            }
    151            Switches_Process();                       // Check for switch state change 
   \                     ??main_1:
   \   0000CA   ........     CALLA   #Switches_Process
    152            if(Time_Sequence > FULL_SECOND){ // 1000 msec
   \   0000CE   B290FB00.... CMP.W   #0xfb, &Time_Sequence
   \   0000D4   CA2B         JNC     ??main_0
    153              Time_Sequence = ZERO;
   \   0000D6   8243....     MOV.W   #0x0, &Time_Sequence
   \   0000DA   C73F         JMP     ??main_0
   \   0000DC   0343         NOP
   \   0000DE                REQUIRE _A_PJOUT_L
    154            }
    155           }
    156          //------------------------------------------------------------------------------
    157          }

   \                                 In  segment DATA16_C, align 1, align-sorted
   \                     `?<Constant "NCSU">`:
   \   000000   4E43535500   DC8 "NCSU"

   \                                 In  segment DATA16_C, align 1, align-sorted
   \                     `?<Constant "WOLFPACK">`:
   \   000000   574F4C465041 DC8 "WOLFPACK"
   \            434B00      

   \                                 In  segment DATA16_C, align 1, align-sorted
   \                     `?<Constant "ECE306">`:
   \   000000   454345333036 DC8 "ECE306"
   \            00          

   \                                 In  segment DATA16_C, align 1, align-sorted
   \                     `?<Constant "S Brigman">`:
   \   000000   532042726967 DC8 "S Brigman"
   \            6D616E00    

   Maximum stack usage in bytes:

   CSTACK Function
   ------ --------
      4   main
        4   -> ClrDisplay
        4   -> Display_Process
        4   -> Init_ADC
        4   -> Init_Clocks
        4   -> Init_Conditions
        4   -> Init_LCD
        4   -> Init_LEDs
        4   -> Init_Motors
        4   -> Init_Ports
        4   -> Init_Serial_UCA1
        4   -> Init_Timers
        4   -> Switches_Process
        4   -> five_msec_sleep


   Segment part sizes:

   Bytes  Function/Label
   -----  --------------
       7  ?<Constant "ECE306">
       5  ?<Constant "NCSU">
      10  ?<Constant "S Brigman">
       9  ?<Constant "WOLFPACK">
       2  ADC_Bat
       2  ADC_Channel
       2  ADC_Left_Detector
       2  ADC_Right_Detector
       2  ADC_Temp
       2  ADC_Thumb
      16  CPU_Char_Rx
      16  CPU_Char_Tx
       2  ISR_COUNT
       2  Time_Sequence
       2  _A_PJOUT_L
       2  ambience
       1  big
       3  control_state
       1  converted_char
       2  counter
       2  cpu_rx_ring_rd
       2  cpu_rx_ring_wr
       2  cpu_tx_ring_rd
       2  cpu_tx_ring_wr
       2  decimal1
       2  decimal2
       2  decimal3
       1  led_smclk
     222  main
       1  one_time
       1  posL1
       1  posL2
       1  posL3
       1  posL4
       1  size_count
       2  tracking_value
       2  tracking_value_high
       2  tracking_value_low

 
 222 bytes in segment CODE
   2 bytes in segment DATA16_AN
  31 bytes in segment DATA16_C
  84 bytes in segment DATA16_Z
 
 222 bytes of CODE  memory
  31 bytes of CONST memory
  84 bytes of DATA  memory (+ 2 bytes shared)

Errors: none
Warnings: none
