###############################################################################
#
# IAR C/C++ Compiler V6.30.2.940/W32 for MSP430           02/Nov/2015  17:06:50
# Copyright 1996-2015 IAR Systems AB.
# Standalone license - IAR Embedded Workbench for Texas Instruments MSP430, 8K KickStart Edition 6.30
#
#    __rt_version  =  3
#    __double_size =  32
#    __reg_r4      =  free
#    __reg_r5      =  free
#    __pic         =  no
#    __core        =  430X
#    __data_model  =  small
#    __code_model  =  large
#    Source file   =  
#        \\vmware-host\Shared Folders\Desktop\ECE306Code\Project 06\switch.c
#    Command line  =  
#        "\\vmware-host\Shared Folders\Desktop\ECE306Code\Project 06\switch.c"
#        -lC "\\vmware-host\Shared Folders\Desktop\ECE306Code\Project
#        06\Debug\List\" -o "\\vmware-host\Shared
#        Folders\Desktop\ECE306Code\Project 06\Debug\Obj\" --no_cse --no_unroll
#        --no_inline --no_code_motion --no_tbaa --debug -D__MSP430FR5739__ -e
#        --double=32 --dlib_config "C:\Program Files (x86)\IAR Systems\Embedded
#        Workbench 7.2\430\lib\dlib\dl430xlsfn.h" --core=430X
#        --data_model=small -On --multiplier=32 --hw_workaround=CPU40
#        --code_model=large
#    List file     =  
#        \\vmware-host\Shared Folders\Desktop\ECE306Code\Project
#        06\Debug\List\switch.lst
#    Object file   =  
#        \\vmware-host\Shared Folders\Desktop\ECE306Code\Project
#        06\Debug\Obj\switch.r43
#
###############################################################################

\\vmware-host\Shared Folders\Desktop\ECE306Code\Project 06\switch.c
      1          //******************************************************************************
      2          //
      3          //  Description: This file contains code for the switches prcesses function.
      4          //   
      5          //
      6          //  Steffon Brigman
      7          //  Sept 2015
      8          //  Built with IAR Embedded Workbench Version: V4.10A/W32 (5.40.1)
      9          //******************************************************************************
     10          
     11          //------------------------------------------------------------------------------
     12          // Includes
     13          #include  "macros.h"
     14          #include  "msp430.h"

   \                                 In  segment DATA16_AN, at 0x220
   \   union <unnamed> _A_PBIN_L
   \                     _A_PBIN_L:
   \   000000                DS8 2

   \                                 In  segment DATA16_AN, at 0x5ec
   \   union <unnamed> _A_UCA1RXBUF_L
   \                     _A_UCA1RXBUF_L:
   \   000000                DS8 2

   \                                 In  segment DATA16_AN, at 0x5ee
   \   union <unnamed> _A_UCA1TXBUF_L
   \                     _A_UCA1TXBUF_L:
   \   000000                DS8 2
     15          #include  "functions.h"

   \                                 In  segment CODE, align 2
     16          void Switches_Process(void){
   \                     Switches_Process:
     17          //******************************************************************************
     18          //
     19          //  Description: This functions sets code for switch 1 and 2 upon being pressed
     20          //
     21          //  Steffon Brigman
     22          //  Sept 2015
     23          //  Built with IAR Embedded Workbench Version: V4.10A/W32 (5.40.1)
     24          //******************************************************************************
     25            //const char HW8_String[] = "NCSU  #1  ";
     26            if (!(P4IN & SW1)){ // Transmission at 9600 baud    
   \   000000   D2B32102     BIT.B   #0x1, &0x221
   \   000004   1E2C         JC      ??Switches_Process_1
     27            count(0x007E); // tilde reset
   \   000006   3C407E00     MOV.W   #0x7e, R12
   \   00000A   ........     CALLA   #count
     28            Five_msec_Delay(20);
   \   00000E   3C401400     MOV.W   #0x14, R12
   \   000012   ........     CALLA   #Five_msec_Delay
     29              display_1 = "    000    ";
   \   000016   B240........ MOV.W   #`?<Constant "    000    ">`, &display_1
     30              posL1 = ZERO;
   \   00001C   C243....     MOV.B   #0x0, &posL1
     31              display_2 = "          ";
   \   000020   B240........ MOV.W   #`?<Constant "          ">`, &display_2
     32              posL2 = ZERO;
   \   000026   C243....     MOV.B   #0x0, &posL2
     33              display_3 = "          ";
   \   00002A   B240........ MOV.W   #`?<Constant "          ">`, &display_3
     34              posL3 = ZERO;
   \   000030   C243....     MOV.B   #0x0, &posL3
     35              display_4 = "          ";
   \   000034   B240........ MOV.W   #`?<Constant "          ">`, &display_4
     36              posL4 = ZERO;
   \   00003A   C243....     MOV.B   #0x0, &posL4
     37              Display_Process();
   \   00003E   ........     CALLA   #Display_Process
     38            }
     39            if (!(P4IN & SW2)) {
   \                     ??Switches_Process_1:
   \   000042   E2B32102     BIT.B   #0x2, &0x221
   \   000046   292C         JC      ??Switches_Process_2
     40              Five_msec_Delay(35);
   \   000048   3C402300     MOV.W   #0x23, R12
   \   00004C   ........     CALLA   #Five_msec_Delay
     41              display_1 = "    000   ";
   \   000050   B240........ MOV.W   #`?<Constant "    000   ">`, &display_1
     42              posL1 = ZERO;
   \   000056   C243....     MOV.B   #0x0, &posL1
     43              display_2 = "          ";
   \   00005A   B240........ MOV.W   #`?<Constant "          ">`, &display_2
     44              posL2 = ZERO;
   \   000060   C243....     MOV.B   #0x0, &posL2
     45              display_3 = "          ";
   \   000064   B240........ MOV.W   #`?<Constant "          ">`, &display_3
     46              posL3 = ZERO;
   \   00006A   C243....     MOV.B   #0x0, &posL3
     47              display_4 = "          ";
   \   00006E   B240........ MOV.W   #`?<Constant "          ">`, &display_4
     48              posL4 = ZERO;
   \   000074   C243....     MOV.B   #0x0, &posL4
     49              Display_Process();
   \   000078   ........     CALLA   #Display_Process
     50               UCA1TXBUF = 0x0030;
   \   00007C   B2403000EE05 MOV.W   #0x30, &0x5ee
     51              while(ALWAYS){
     52              if (!(P4IN & SW1)) { count(0x007E); break; }
   \                     ??Switches_Process_0:
   \   000082   D2B32102     BIT.B   #0x1, &0x221
   \   000086   042C         JC      ??Switches_Process_3
   \   000088   3C407E00     MOV.W   #0x7e, R12
   \   00008C   ........     BRA     #count
     53                count(UCA1RXBUF);
   \                     ??Switches_Process_3:
   \   000090   1C42EC05     MOV.W   &0x5ec, R12
   \   000094   ........     CALLA   #count
   \   000098   F43F         JMP     ??Switches_Process_0
     54              }
     55             }
     56          }
   \                     ??Switches_Process_2:
   \   00009A   1001         RETA
   \   00009C                REQUIRE _A_PBIN_L
   \   00009C                REQUIRE _A_UCA1TXBUF_L
   \   00009C                REQUIRE _A_UCA1RXBUF_L

   \                                 In  segment DATA16_C, align 1, align-sorted
   \                     `?<Constant "    000    ">`:
   \   000000   202020203030 DC8 "    000    "
   \            302020202000

   \                                 In  segment DATA16_C, align 1, align-sorted
   \                     `?<Constant "          ">`:
   \   000000   202020202020 DC8 "          "
   \            2020202000  

   \                                 In  segment DATA16_C, align 1, align-sorted
   \                     `?<Constant "    000   ">`:
   \   000000   202020203030 DC8 "    000   "
   \            3020202000  
     57          //------------------------------------------------------------------------------

   Maximum stack usage in bytes:

   CSTACK Function
   ------ --------
      4   Switches_Process
        4   -> Display_Process
        4   -> Five_msec_Delay
        4   -> count


   Segment part sizes:

   Bytes  Function/Label
   -----  --------------
      11  ?<Constant "          ">
      12  ?<Constant "    000    ">
      11  ?<Constant "    000   ">
     156  Switches_Process
       2  _A_PBIN_L
       2  _A_UCA1RXBUF_L
       2  _A_UCA1TXBUF_L

 
 156 bytes in segment CODE
   6 bytes in segment DATA16_AN
  34 bytes in segment DATA16_C
 
 156 bytes of CODE  memory
  34 bytes of CONST memory
   0 bytes of DATA  memory (+ 6 bytes shared)

Errors: none
Warnings: none
