###############################################################################
#
# IAR C/C++ Compiler V6.30.2.940/W32 for MSP430           17/Nov/2015  02:50:43
# Copyright 1996-2015 IAR Systems AB.
# Standalone license - IAR Embedded Workbench for Texas Instruments MSP430, 8K KickStart Edition 6.30
#
#    __rt_version  =  3
#    __double_size =  32
#    __reg_r4      =  free
#    __reg_r5      =  free
#    __pic         =  no
#    __core        =  430X
#    __data_model  =  small
#    __code_model  =  large
#    Source file   =  
#        \\vmware-host\Shared Folders\Desktop\ECE306Code\pj7zip\timers.c
#    Command line  =  
#        "\\vmware-host\Shared Folders\Desktop\ECE306Code\pj7zip\timers.c" -lC
#        "\\vmware-host\Shared Folders\Desktop\ECE306Code\pj7zip\Debug\List\"
#        -o "\\vmware-host\Shared Folders\Desktop\ECE306Code\pj7zip\Debug\Obj\"
#        --no_cse --no_unroll --no_inline --no_code_motion --no_tbaa --debug
#        -D__MSP430FR5739__ -e --double=32 --dlib_config "C:\Program Files
#        (x86)\IAR Systems\Embedded Workbench 7.2\430\lib\dlib\dl430xlsfn.h"
#        --core=430X --data_model=small -On --multiplier=32
#        --hw_workaround=CPU40 --code_model=large
#    List file     =  
#        \\vmware-host\Shared
#        Folders\Desktop\ECE306Code\pj7zip\Debug\List\timers.lst
#    Object file   =  
#        \\vmware-host\Shared
#        Folders\Desktop\ECE306Code\pj7zip\Debug\Obj\timers.r43
#
###############################################################################

\\vmware-host\Shared Folders\Desktop\ECE306Code\pj7zip\timers.c
      1          //******************************************************************************
      2          //
      3          //  Description: This file contains the Timer Routine
      4          //
      5          //
      6          //  Steffon Brigman
      7          //  Nov 2015
      8          //  Built with IAR Embedded Workbench Version: V4.10A/W32 (6.30.3)
      9          //******************************************************************************
     10          
     11          //Points to Header files for Preprocessing
     12          #include  "msp430.h"
     13          #include  "functions.h"
     14          #include  "macros.h"
     15          

   \                                 In  segment CODE, align 2
     16          void Init_Timers(void){
   \                     Init_Timers:
     17          //******************************************************************************
     18          //
     19          //  Description: This file contains the Timer Routine
     20          //
     21          //
     22          //  Steffon Brigman
     23          //  Nov 2015
     24          //  Built with IAR Embedded Workbench Version: V4.10A/W32 (6.30.3)
     25          //
     26          // Globals:
     27          //
     28          // Passed:
     29          //
     30          // Local:
     31          //
     32          // Return: VOID
     33          //
     34          //****************************************************************************** 
     35            
     36            Init_Timer_A0();   // Enable Timer A0
   \   000000   ........     CALLA   #Init_Timer_A0
     37          //  Init_Timer_A1(); // 
     38          //  Init_Timer_B0(); // 
     39          //  Init_Timer_B1(); //  
     40            Init_Timer_B2();   //  Required for provided compiled code to work
   \   000004   ........     BRA     #Init_Timer_B2
     41          //------------------------------------------------------------------------------
     42          }

   Maximum stack usage in bytes:

   CSTACK Function
   ------ --------
      4   Init_Timers
        4   -> Init_Timer_A0
        0   -> Init_Timer_B2


   Segment part sizes:

   Bytes  Function/Label
   -----  --------------
       8  Init_Timers

 
 8 bytes in segment CODE
 
 8 bytes of CODE memory

Errors: none
Warnings: none
