###############################################################################
#
# IAR C/C++ Compiler V6.30.2.940/W32 for MSP430           01/Oct/2015  18:52:03
# Copyright 1996-2015 IAR Systems AB.
# Standalone license - IAR Embedded Workbench for Texas Instruments MSP430, 8K KickStart Edition 6.30
#
#    __rt_version  =  3
#    __double_size =  32
#    __reg_r4      =  free
#    __reg_r5      =  free
#    __pic         =  no
#    __core        =  430X
#    __data_model  =  small
#    __code_model  =  large
#    Source file   =  
#        \\vmware-host\Shared Folders\Desktop\ECE306Code\Project 04\drive.c
#    Command line  =  
#        "\\vmware-host\Shared Folders\Desktop\ECE306Code\Project 04\drive.c"
#        -lC "\\vmware-host\Shared Folders\Desktop\ECE306Code\Project
#        04\Debug\List\" -o "\\vmware-host\Shared
#        Folders\Desktop\ECE306Code\Project 04\Debug\Obj\" --no_cse --no_unroll
#        --no_inline --no_code_motion --no_tbaa --debug -D__MSP430FR5739__ -e
#        --double=32 --dlib_config "C:\Program Files (x86)\IAR Systems\Embedded
#        Workbench 7.2\430\lib\dlib\dl430xlsfn.h" --core=430X
#        --data_model=small -On --multiplier=32 --hw_workaround=CPU40
#        --code_model=large
#    List file     =  
#        \\vmware-host\Shared Folders\Desktop\ECE306Code\Project
#        04\Debug\List\drive.lst
#    Object file   =  
#        \\vmware-host\Shared Folders\Desktop\ECE306Code\Project
#        04\Debug\Obj\drive.r43
#
###############################################################################

\\vmware-host\Shared Folders\Desktop\ECE306Code\Project 04\drive.c
      1          #include  "macros.h"
      2          #include  "msp430.h"
      3          #include  "functions.h"
      4          


 

 


Errors: none
Warnings: none
