###############################################################################
#
# IAR C/C++ Compiler V6.30.2.940/W32 for MSP430           21/Oct/2015  12:29:45
# Copyright 1996-2015 IAR Systems AB.
# Standalone license - IAR Embedded Workbench for Texas Instruments MSP430, 8K KickStart Edition 6.30
#
#    __rt_version  =  3
#    __double_size =  32
#    __reg_r4      =  free
#    __reg_r5      =  free
#    __pic         =  no
#    __core        =  430X
#    __data_model  =  small
#    __code_model  =  large
#    Source file   =  
#        \\vmware-host\Shared Folders\Desktop\ECE306Code\Project 05\main.c
#    Command line  =  
#        "\\vmware-host\Shared Folders\Desktop\ECE306Code\Project 05\main.c"
#        -lC "\\vmware-host\Shared Folders\Desktop\ECE306Code\Project
#        05\Debug\List\" -o "\\vmware-host\Shared
#        Folders\Desktop\ECE306Code\Project 05\Debug\Obj\" --no_cse --no_unroll
#        --no_inline --no_code_motion --no_tbaa --debug -D__MSP430FR5739__ -e
#        --double=32 --dlib_config "C:\Program Files (x86)\IAR Systems\Embedded
#        Workbench 7.2\430\lib\dlib\dl430xlsfn.h" --core=430X
#        --data_model=small -On --multiplier=32 --hw_workaround=CPU40
#        --code_model=large
#    List file     =  
#        \\vmware-host\Shared Folders\Desktop\ECE306Code\Project
#        05\Debug\List\main.lst
#    Object file   =  
#        \\vmware-host\Shared Folders\Desktop\ECE306Code\Project
#        05\Debug\Obj\main.r43
#
###############################################################################

\\vmware-host\Shared Folders\Desktop\ECE306Code\Project 05\main.c
      1          //******************************************************************************
      2          //
      3          //  Description: This file contains the Main Routine - "While" Operating System
      4          //
      5          //
      6          //  Steffon Brigman
      7          //  Sept 2015
      8          //  Built with IAR Embedded Workbench Version: V4.10A/W32 (5.40.1)
      9          //******************************************************************************
     10          
     11          //------------------------------------------------------------------------------
     12          #include  "macros.h"
     13          #include  "msp430.h"

   \                                 In  segment DATA16_AN, at 0x322
   \   union <unnamed> _A_PJOUT_L
   \                     _A_PJOUT_L:
   \   000000                DS8 2
     14          #include  "functions.h"
     15          
     16          // Global Variables

   \                                 In  segment DATA16_Z, align 1, align-sorted
   \   000000                REQUIRE ?cstart_init_zero
     17          volatile unsigned char control_state[CNTL_STATE_INDEX];
   \                     control_state:
   \   000000                DS8 3

   \                                 In  segment DATA16_Z, align 2, align-sorted
   \   000000                REQUIRE ?cstart_init_zero
     18          volatile unsigned int Time_Sequence;
   \                     Time_Sequence:
   \   000000                DS8 2

   \                                 In  segment DATA16_Z, align 1, align-sorted
   \   000000                REQUIRE ?cstart_init_zero
     19          char led_smclk;
   \                     led_smclk:
   \   000000                DS8 1

   \                                 In  segment DATA16_Z, align 2, align-sorted
   \   000000                REQUIRE ?cstart_init_zero
     20          int ISR_COUNT;
   \                     ISR_COUNT:
   \   000000                DS8 2

   \                                 In  segment DATA16_Z, align 2, align-sorted
   \   000000                REQUIRE ?cstart_init_zero
     21          unsigned int ADC_thumb;
   \                     ADC_thumb:
   \   000000                DS8 2

   \                                 In  segment DATA16_Z, align 2, align-sorted
   \   000000                REQUIRE ?cstart_init_zero
     22          unsigned int ADC_Right_Detector;
   \                     ADC_Right_Detector:
   \   000000                DS8 2

   \                                 In  segment DATA16_Z, align 2, align-sorted
   \   000000                REQUIRE ?cstart_init_zero
     23          unsigned int ADC_Left_Detector;
   \                     ADC_Left_Detector:
   \   000000                DS8 2

   \                                 In  segment DATA16_Z, align 2, align-sorted
   \   000000                REQUIRE ?cstart_init_zero
     24          unsigned int ADC_Temp;
   \                     ADC_Temp:
   \   000000                DS8 2

   \                                 In  segment DATA16_Z, align 2, align-sorted
   \   000000                REQUIRE ?cstart_init_zero
     25          unsigned int ADC_Bat;
   \                     ADC_Bat:
   \   000000                DS8 2

   \                                 In  segment DATA16_Z, align 2, align-sorted
   \   000000                REQUIRE ?cstart_init_zero
     26          unsigned int tracking_value_high;
   \                     tracking_value_high:
   \   000000                DS8 2

   \                                 In  segment DATA16_Z, align 2, align-sorted
   \   000000                REQUIRE ?cstart_init_zero
     27          unsigned int tracking_value_low;
   \                     tracking_value_low:
   \   000000                DS8 2

   \                                 In  segment DATA16_Z, align 2, align-sorted
   \   000000                REQUIRE ?cstart_init_zero
     28          unsigned int tracking_value;
   \                     tracking_value:
   \   000000                DS8 2

   \                                 In  segment DATA16_Z, align 2, align-sorted
   \   000000                REQUIRE ?cstart_init_zero
     29          unsigned int ambience;
   \                     ambience:
   \   000000                DS8 2

   \                                 In  segment DATA16_Z, align 2, align-sorted
   \   000000                REQUIRE ?cstart_init_zero
     30          int ADC_Channel = ZERO;
   \                     ADC_Channel:
   \   000000                DS8 2

   \                                 In  segment DATA16_Z, align 1, align-sorted
   \   000000                REQUIRE ?cstart_init_zero
     31          volatile char one_time;
   \                     one_time:
   \   000000                DS8 1
     32          extern char display_line_1[DISPLAY_LENGTH];
     33          extern char display_line_2[DISPLAY_LENGTH];
     34          extern char display_line_3[DISPLAY_LENGTH];
     35          extern char display_line_4[DISPLAY_LENGTH];
     36          extern char *display_1;
     37          extern char *display_2;
     38          extern char *display_3;
     39          extern char *display_4;
     40          extern char posL1;
     41          extern char posL2;
     42          extern char posL3;
     43          extern char posL4;

   \                                 In  segment DATA16_Z, align 1, align-sorted
   \   000000                REQUIRE ?cstart_init_zero
     44          char size_count;
   \                     size_count:
   \   000000                DS8 1

   \                                 In  segment DATA16_Z, align 1, align-sorted
   \   000000                REQUIRE ?cstart_init_zero
     45          char big;
   \                     big:
   \   000000                DS8 1
     46          

   \                                 In  segment CODE, align 2
     47          void main(void){
   \                     main:
     48          //------------------------------------------------------------------------------
     49          // Main Program
     50          // This is the main routine for the program. Execution of code starts here.
     51          // The operating system is Back Ground Fore Ground.
     52          // 
     53          //------------------------------------------------------------------------------
     54            Init_Ports();
   \   000000   ........     CALLA   #Init_Ports
     55            Init_Clocks();                            // Initialize Clock System 
   \   000004   ........     CALLA   #Init_Clocks
     56            Init_Conditions();
   \   000008   ........     CALLA   #Init_Conditions
     57            PJOUT |= LED1;                            // Turn LED 1 on to indicate boot
   \   00000C   92D32203     BIS.W   #0x1, &0x322
     58            Time_Sequence = ZERO;                        // 
   \   000010   8243....     MOV.W   #0x0, &Time_Sequence
     59            Init_Timers();                            // Initialize Timers
   \   000014   ........     CALLA   #Init_Timers
     60            five_msec_sleep(QUARTER_SECOND);          // 250 msec delay for the clock to settle
   \   000018   3C403200     MOV.W   #0x32, R12
   \   00001C   ........     CALLA   #five_msec_sleep
     61            Init_LEDs();                              // Initialize LEDs
   \   000020   ........     CALLA   #Init_LEDs
     62            Init_LCD();                               // Initialize LCD
   \   000024   ........     CALLA   #Init_LCD
     63            Init_Motors();                            // Turns off both motors
   \   000028   ........     CALLA   #Init_Motors
     64            Init_ADC();
   \   00002C   ........     CALLA   #Init_ADC
     65            
     66          //             1234567890
     67            display_1 = "NCSU";
   \   000030   B240........ MOV.W   #`?<Constant "NCSU">`, &display_1
     68            posL1 = SW1_posL1;
   \   000036   F2400300.... MOV.B   #0x3, &posL1
     69            display_2 = "WOLFPACK";
   \   00003C   B240........ MOV.W   #`?<Constant "WOLFPACK">`, &display_2
     70            posL2 = SW1_posL2;
   \   000042   D243....     MOV.B   #0x1, &posL2
     71            display_3 = "ECE306";
   \   000046   B240........ MOV.W   #`?<Constant "ECE306">`, &display_3
     72            posL3 = SW1_posL3;
   \   00004C   E243....     MOV.B   #0x2, &posL3
     73            display_4 = "S Brigman";
   \   000050   B240........ MOV.W   #`?<Constant "S Brigman">`, &display_4
     74            posL4 = SW1_posL4;
   \   000056   D243....     MOV.B   #0x1, &posL4
     75            big = ZERO;
   \   00005A   C243....     MOV.B   #0x0, &big
     76            Display_Process();
   \   00005E   ........     CALLA   #Display_Process
     77            
     78            //ADC_Process();
     79          //------------------------------------------------------------------------------
     80          // Begining of the "While" Operating System
     81          //------------------------------------------------------------------------------
     82           while(ALWAYS) {                            // Can the Operating system run
     83            switch(Time_Sequence){
   \                     ??main_0:
   \   000062   1F42....     MOV.W   &Time_Sequence, R15
   \   000066   3F803200     SUB.W   #0x32, R15
   \   00006A   2224         JEQ     ??main_3
   \   00006C   3F803200     SUB.W   #0x32, R15
   \   000070   1A24         JEQ     ??main_4
   \   000072   3F803200     SUB.W   #0x32, R15
   \   000076   1224         JEQ     ??main_5
   \   000078   3F803200     SUB.W   #0x32, R15
   \   00007C   0A24         JEQ     ??main_6
   \   00007E   3F803200     SUB.W   #0x32, R15
   \   000082   1F20         JNE     ??main_1
     84              case FULL_SECOND:                               // 1000 msec  
     85                if(one_time){
   \   000084   C293....     CMP.B   #0x0, &one_time
   \   000088   0224         JEQ     ??main_7
     86                  //Init_LEDs();                        // Initialize LEDs
     87                  one_time = ZERO;
   \   00008A   C243....     MOV.B   #0x0, &one_time
     88                }
     89                Time_Sequence = ZERO;                    // 
   \                     ??main_7:
   \   00008E   8243....     MOV.W   #0x0, &Time_Sequence
     90              case THOU_MS:                               // 1000 msec  
     91                if(one_time){
   \                     ??main_6:
   \   000092   C293....     CMP.B   #0x0, &one_time
   \   000096   0224         JEQ     ??main_5
     92                  //P3OUT |= LED5;                      // Change State of LED 5
     93                  one_time = ZERO;
   \   000098   C243....     MOV.B   #0x0, &one_time
     94                }
     95              case THIRD_SECOND:                               // 750 msec  
     96                if(one_time){
   \                     ??main_5:
   \   00009C   C293....     CMP.B   #0x0, &one_time
   \   0000A0   0224         JEQ     ??main_4
     97                  //PJOUT |= LED3;                      // Change State of LED 3
     98                  //P3OUT |= LED6;                      // Change State of LED 6
     99                  one_time = ZERO;
   \   0000A2   C243....     MOV.B   #0x0, &one_time
    100                }
    101              case HALF_SECOND:                               // 500 msec  
    102                if(one_time){
   \                     ??main_4:
   \   0000A6   C293....     CMP.B   #0x0, &one_time
   \   0000AA   0224         JEQ     ??main_3
    103                  //PJOUT |= LED2;                      // Change State of LED 2
    104                  //P3OUT |= LED7;                      // Change State of LED 7
    105                  one_time = ZERO;
   \   0000AC   C243....     MOV.B   #0x0, &one_time
    106                }
    107              case  QUARTER_SECOND:                               // 250 msec  
    108                if(one_time){
   \                     ??main_3:
   \   0000B0   C293....     CMP.B   #0x0, &one_time
   \   0000B4   0224         JEQ     ??main_8
    109                  //PJOUT |= LED1;                      // Change State of LED 1
    110                  //P3OUT |= LED8;                      // Change State of LED 8
    111                  one_time = ZERO;
   \   0000B6   C243....     MOV.B   #0x0, &one_time
    112                }
    113                size_count++;
   \                     ??main_8:
   \   0000BA   D253....     ADD.B   #0x1, &size_count
    114                /*if(size_count > BIG_LETTERS){
    115                  size_count = ZERO;
    116                  if(big){
    117                    lcd_BIG_mid();
    118                    big = ZERO;
    119                  }else{
    120                    lcd_4line();
    121                    big = ONE;
    122                  }
    123                }*/
    124                Display_Process();
   \   0000BE   ........     CALLA   #Display_Process
    125                break;                                // 
    126              default: break; 
    127            }
    128            Switches_Process();                       // Check for switch state change 
   \                     ??main_1:
   \   0000C2   ........     CALLA   #Switches_Process
    129            if(Time_Sequence > FULL_SECOND){ // 1000 msec
   \   0000C6   B290FB00.... CMP.W   #0xfb, &Time_Sequence
   \   0000CC   CA2B         JNC     ??main_0
    130              Time_Sequence = ZERO;
   \   0000CE   8243....     MOV.W   #0x0, &Time_Sequence
   \   0000D2   C73F         JMP     ??main_0
   \   0000D4   0343         NOP
   \   0000D6                REQUIRE _A_PJOUT_L
    131            }
    132           }
    133          //------------------------------------------------------------------------------
    134          }

   \                                 In  segment DATA16_C, align 1, align-sorted
   \                     `?<Constant "NCSU">`:
   \   000000   4E43535500   DC8 "NCSU"

   \                                 In  segment DATA16_C, align 1, align-sorted
   \                     `?<Constant "WOLFPACK">`:
   \   000000   574F4C465041 DC8 "WOLFPACK"
   \            434B00      

   \                                 In  segment DATA16_C, align 1, align-sorted
   \                     `?<Constant "ECE306">`:
   \   000000   454345333036 DC8 "ECE306"
   \            00          

   \                                 In  segment DATA16_C, align 1, align-sorted
   \                     `?<Constant "S Brigman">`:
   \   000000   532042726967 DC8 "S Brigman"
   \            6D616E00    

   Maximum stack usage in bytes:

   CSTACK Function
   ------ --------
      4   main
        4   -> Display_Process
        4   -> Init_ADC
        4   -> Init_Clocks
        4   -> Init_Conditions
        4   -> Init_LCD
        4   -> Init_LEDs
        4   -> Init_Motors
        4   -> Init_Ports
        4   -> Init_Timers
        4   -> Switches_Process
        4   -> five_msec_sleep


   Segment part sizes:

   Bytes  Function/Label
   -----  --------------
       7  ?<Constant "ECE306">
       5  ?<Constant "NCSU">
      10  ?<Constant "S Brigman">
       9  ?<Constant "WOLFPACK">
       2  ADC_Bat
       2  ADC_Channel
       2  ADC_Left_Detector
       2  ADC_Right_Detector
       2  ADC_Temp
       2  ADC_thumb
       2  ISR_COUNT
       2  Time_Sequence
       2  _A_PJOUT_L
       2  ambience
       1  big
       3  control_state
       1  led_smclk
     214  main
       1  one_time
       1  size_count
       2  tracking_value
       2  tracking_value_high
       2  tracking_value_low

 
 214 bytes in segment CODE
   2 bytes in segment DATA16_AN
  31 bytes in segment DATA16_C
  31 bytes in segment DATA16_Z
 
 214 bytes of CODE  memory
  31 bytes of CONST memory
  31 bytes of DATA  memory (+ 2 bytes shared)

Errors: none
Warnings: none
