###############################################################################
#
# IAR C/C++ Compiler V6.30.2.940/W32 for MSP430           20/Oct/2015  20:06:19
# Copyright 1996-2015 IAR Systems AB.
# Standalone license - IAR Embedded Workbench for Texas Instruments MSP430, 8K KickStart Edition 6.30
#
#    __rt_version  =  3
#    __double_size =  32
#    __reg_r4      =  free
#    __reg_r5      =  free
#    __pic         =  no
#    __core        =  430X
#    __data_model  =  small
#    __code_model  =  large
#    Source file   =  
#        \\vmware-host\Shared Folders\Desktop\ECE306Code\Project 05\motors.c
#    Command line  =  
#        "\\vmware-host\Shared Folders\Desktop\ECE306Code\Project 05\motors.c"
#        -lC "\\vmware-host\Shared Folders\Desktop\ECE306Code\Project
#        05\Debug\List\" -o "\\vmware-host\Shared
#        Folders\Desktop\ECE306Code\Project 05\Debug\Obj\" --no_cse --no_unroll
#        --no_inline --no_code_motion --no_tbaa --debug -D__MSP430FR5739__ -e
#        --double=32 --dlib_config "C:\Program Files (x86)\IAR Systems\Embedded
#        Workbench 7.2\430\lib\dlib\dl430xlsfn.h" --core=430X
#        --data_model=small -On --multiplier=32 --hw_workaround=CPU40
#        --code_model=large
#    List file     =  
#        \\vmware-host\Shared Folders\Desktop\ECE306Code\Project
#        05\Debug\List\motors.lst
#    Object file   =  
#        \\vmware-host\Shared Folders\Desktop\ECE306Code\Project
#        05\Debug\Obj\motors.r43
#
###############################################################################

\\vmware-host\Shared Folders\Desktop\ECE306Code\Project 05\motors.c
      1          //******************************************************************************
      2          //
      3          //  Description: This file contains code for motor control functions.
      4          //
      5          //
      6          //  Steffon Brigman
      7          //  Seppt 2015
      8          //  Built with IAR Embedded Workbench Version: V4.10A/W32 (5.40.1)
      9          //  File Name: motors.c
     10          //  Gloabls Used: tmp
     11          //******************************************************************************
     12          
     13          //------------------------------------------------------------------------------
     14          // Includes
     15          #include  "macros.h"
     16          #include  "msp430.h"

   \                                 In  segment DATA16_AN, at 0x222
   \   union <unnamed> _A_PBOUT_L
   \                     _A_PBOUT_L:
   \   000000                DS8 2
     17          #include  "functions.h"

   \                                 In  segment DATA16_Z, align 2, align-sorted
   \   000000                REQUIRE ?cstart_init_zero
     18          unsigned int tmp;
   \                     tmp:
   \   000000                DS8 2
     19          // NOTE: Macros with *_1 and *_2 naming denote left and right motors respectively.
     20          

   \                                 In  segment CODE, align 2
     21          void Init_Motors(void){
   \                     Init_Motors:
     22                /*******************************************************************************
     23          *        Author: Steffon Brigman
     24          *        Date:   September 2015
     25          *        Description: Funcetion to turn off motor forward before any code runs.
     26          *        Built with IAR Embedded Workbench Versiojn: V7.0.5/W32 (6.10.5)
     27          *
     28          *        Function name: Init_Motors
     29          *        Description: Initializes motors by turning them off.
     30          *        Passed : no variables passed 
     31          *        Locals: no variables declared 
     32          *        Returned: no values returned 
     33          *        Globlas: no values defined
     34          *******************************************************************************/
     35          // Turn off forward motors
     36            right_off();
   \   000000   ........     CALLA   #right_off
     37            left_off();
   \   000004   ........     CALLA   #left_off
     38          // Turn off reverse motors
     39            r_reverse_off();
   \   000008   ........     CALLA   #r_reverse_off
     40            l_reverse_off();
   \   00000C   ........     BRA     #l_reverse_off
     41          }
     42          

   \                                 In  segment CODE, align 2
     43          void motor_straight(void){
   \                     motor_straight:
   \                     ??motor_straight_0:
     44          /*******************************************************************************
     45          *        Author: Steffon Brigman
     46          *        Date:   September 2015
     47          *        Description: Function to run both motors to make a straight line for a specified time.
     48          *        Built with IAR Embedded Workbench Version: V7.0.5/W32 (6.10.5)
     49          *
     50          *        Function name: motor_straight
     51          *        Passed : time
     52          *        Locals: i 
     53          *        Returned: no values returned 
     54          *        Globlas: no values defined
     55          *******************************************************************************/
     56             while(ISR_COUNT<1){
   \   000000   9293....     CMP.W   #0x1, &ISR_COUNT
   \   000004   0534         JGE     ??motor_straight_1
     57               right_on(); 
   \   000006   ........     CALLA   #right_on
     58              left_on();
   \   00000A   ........     CALLA   #left_on
   \   00000E   F83F         JMP     ??motor_straight_0
     59             }
     60            left_off();
   \                     ??motor_straight_1:
   \   000010   ........     CALLA   #left_off
     61            right_off();
   \   000014   ........     CALLA   #right_off
     62            ISR_COUNT = ZERO;
   \   000018   8243....     MOV.W   #0x0, &ISR_COUNT
     63          }
   \   00001C   1001         RETA
     64          

   \                                 In  segment CODE, align 2
     65          void motor_reverse(unsigned int time){
   \                     motor_reverse:
   \   000000   0A12         PUSH.W  R10
   \   000002   0A4C         MOV.W   R12, R10
     66          /*******************************************************************************
     67          *        Author: Steffon Brigman
     68          *        Date:   September 2015
     69          *        Description: Function to run both motors to make a straight line in reverse for a specified time.
     70          *        Built with IAR Embedded Workbench Version: V7.0.5/W32 (6.10.5)
     71          *
     72          *        Function name: motor_reverse
     73          *        Passed : time
     74          *        Locals: i 
     75          *        Returned: no values returned 
     76          *        Globlas: no values defined
     77          *******************************************************************************/
     78          while(ISR_COUNT<time)
   \                     ??motor_reverse_0:
   \   000004   829A....     CMP.W   R10, &ISR_COUNT
   \   000008   052C         JC      ??motor_reverse_1
     79            {  
     80              r_reverse_on(); 
   \   00000A   ........     CALLA   #r_reverse_on
     81              l_reverse_on();
   \   00000E   ........     CALLA   #l_reverse_on
   \   000012   F83F         JMP     ??motor_reverse_0
     82            }
     83            r_reverse_off();
   \                     ??motor_reverse_1:
   \   000014   ........     CALLA   #r_reverse_off
     84            l_reverse_off();
   \   000018   ........     CALLA   #l_reverse_off
     85          }
   \   00001C   3A41         POP.W   R10
   \   00001E   1001         RETA
     86          

   \                                 In  segment CODE, align 2
     87          void circle(void){ 
   \                     circle:
   \   000000   1B15         PUSHM.W #0x2, R11
     88            /*******************************************************************************
     89          *        Author: Steffon Brigman
     90          *        Date:   September 2015
     91          *        Description: Motor function that controls motors to make circle
     92          *        Built with IAR Embedded Workbench Version: V7.0.5/W32 (6.10.5)
     93          *
     94          *        Function name: circle
     95          *        Passed : No varialbes passed
     96          *        Locals: delay, i 
     97          *        Returned: no values returned 
     98          *        Globlas: no values defined
     99          *******************************************************************************/
    100            int delay = ZERO;
   \   000002   0A43         MOV.W   #0x0, R10
    101            while(delay<SHAPE_DELAY){
   \                     ??circle_1:
   \   000004   2A93         CMP.W   #0x2, R10
   \   000006   1634         JGE     ??circle_2
    102              int i = ZERO;
   \   000008   0B43         MOV.W   #0x0, R11
    103              while(i<CIRCLE){
   \                     ??circle_0:
   \   00000A   3B901E00     CMP.W   #0x1e, R11
   \   00000E   0634         JGE     ??circle_3
    104                //motor_straight(CIRCLE_STRAIGHT);
    105                left_on();
   \   000010   ........     CALLA   #left_on
    106                left_off();
   \   000014   ........     CALLA   #left_off
    107                i++;
   \   000018   1B53         ADD.W   #0x1, R11
   \   00001A   F73F         JMP     ??circle_0
    108              }
    109              if(delay<SHAPE_DELAY){
   \                     ??circle_3:
   \   00001C   2A93         CMP.W   #0x2, R10
   \   00001E   0434         JGE     ??circle_4
    110                right_on();
   \   000020   ........     CALLA   #right_on
    111                right_off();
   \   000024   ........     CALLA   #right_off
    112              }
    113              delay++;
   \                     ??circle_4:
   \   000028   1A53         ADD.W   #0x1, R10
    114              five_msec_sleep(HALF_SECOND);
   \   00002A   3C406400     MOV.W   #0x64, R12
   \   00002E   ........     CALLA   #five_msec_sleep
   \   000032   E83F         JMP     ??circle_1
    115            }
    116          }
   \                     ??circle_2:
   \   000034   1A17         POPM.W  #0x2, R11
   \   000036   1001         RETA
    117          

   \                                 In  segment CODE, align 2
    118          void figure_eight(void){
   \                     figure_eight:
   \   000000   1B15         PUSHM.W #0x2, R11
    119          /*******************************************************************************
    120          *        Author: Steffon Brigman
    121          *        Date:   September 2015
    122          *        Description: Motor function that controls motors to make a figure eight
    123          *        Built with IAR Embedded Workbench Version: V7.0.5/W32 (6.10.5)
    124          *
    125          *        Function name: figure_eight
    126          *        Passed : No varialbes passed
    127          *        Locals: delay, i 
    128          *        Returned: no values returned 
    129          *        Globlas: no values defined
    130          *******************************************************************************/
    131            int delay = ZERO;
   \   000002   0A43         MOV.W   #0x0, R10
    132            while(delay<SHAPE_DELAY){
   \                     ??figure_eight_2:
   \   000004   2A93         CMP.W   #0x2, R10
   \   000006   1A34         JGE     ??figure_eight_3
    133              int i = ZERO;
   \   000008   0B43         MOV.W   #0x0, R11
    134              while(i<FIGURE_1){// one complete circle running left motor
   \                     ??figure_eight_0:
   \   00000A   3B901600     CMP.W   #0x16, R11
   \   00000E   0634         JGE     ??figure_eight_4
    135                //motor_straight(STRAIGHT_SYNC);
    136                left_on();
   \   000010   ........     CALLA   #left_on
    137                left_off();
   \   000014   ........     CALLA   #left_off
    138                i++;
   \   000018   1B53         ADD.W   #0x1, R11
   \   00001A   F73F         JMP     ??figure_eight_0
    139              }
    140              i = ZERO;
   \                     ??figure_eight_4:
   \   00001C   0B43         MOV.W   #0x0, R11
    141              while(i<FIGURE_2){// one complete circle running right motor
   \                     ??figure_eight_1:
   \   00001E   3B901200     CMP.W   #0x12, R11
   \   000022   0634         JGE     ??figure_eight_5
    142                //motor_straight(STRAIGHT_SYNC);
    143                right_on();
   \   000024   ........     CALLA   #right_on
    144                right_off();
   \   000028   ........     CALLA   #right_off
    145                i++;
   \   00002C   1B53         ADD.W   #0x1, R11
   \   00002E   F73F         JMP     ??figure_eight_1
    146              }
    147              delay++;
   \                     ??figure_eight_5:
   \   000030   1A53         ADD.W   #0x1, R10
    148              five_msec_sleep(HALF_SECOND);
   \   000032   3C406400     MOV.W   #0x64, R12
   \   000036   ........     CALLA   #five_msec_sleep
   \   00003A   E43F         JMP     ??figure_eight_2
    149            }
    150          }
   \                     ??figure_eight_3:
   \   00003C   1A17         POPM.W  #0x2, R11
   \   00003E   1001         RETA
    151          

   \                                 In  segment CODE, align 2
    152          void triangle(void){ 
   \                     triangle:
   \   000000   1B15         PUSHM.W #0x2, R11
    153          /*******************************************************************************
    154          *        Author: Steffon Brigman
    155          *        Date:   September 2015
    156          *        Description: Motor control function used to make two triangles
    157          *        Built with IAR Embedded Workbench Version: V7.0.5/W32 (6.10.5)
    158          *
    159          *        Function name: triangle
    160          *        Passed : No varialbes passed
    161          *        Locals: delay, i 
    162          *        Returned: no values returned 
    163          *        Globlas: no values defined
    164          *******************************************************************************/
    165            int delay = ZERO;
   \   000002   0A43         MOV.W   #0x0, R10
    166            while(delay<SHAPE_DELAY){
   \                     ??triangle_1:
   \   000004   2A93         CMP.W   #0x2, R10
   \   000006   1434         JGE     ??triangle_2
    167              int i = ZERO;
   \   000008   0B43         MOV.W   #0x0, R11
    168              while(i<TRI_COUNT){
   \                     ??triangle_0:
   \   00000A   3B900300     CMP.W   #0x3, R11
   \   00000E   0A34         JGE     ??triangle_3
    169                //motor_straight(TRI_STRAIGHT);
    170                five_msec_sleep(TRI_DELAY);
   \   000010   3C400500     MOV.W   #0x5, R12
   \   000014   ........     CALLA   #five_msec_sleep
    171                left_on();
   \   000018   ........     CALLA   #left_on
    172                left_off();
   \   00001C   ........     CALLA   #left_off
    173                i++;
   \   000020   1B53         ADD.W   #0x1, R11
   \   000022   F33F         JMP     ??triangle_0
    174              }
    175              delay++;
   \                     ??triangle_3:
   \   000024   1A53         ADD.W   #0x1, R10
    176              five_msec_sleep(HALF_SECOND);
   \   000026   3C406400     MOV.W   #0x64, R12
   \   00002A   ........     CALLA   #five_msec_sleep
   \   00002E   EA3F         JMP     ??triangle_1
    177            }
    178          }
   \                     ??triangle_2:
   \   000030   1A17         POPM.W  #0x2, R11
   \   000032   1001         RETA

   \                                 In  segment CODE, align 2
    179          void right_off(void){
   \                     right_off:
    180            /*******************************************************************************
    181          *        Author: Steffon Brigman
    182          *        Date:   September 2015
    183          *        Description: Function to turn off right motor.
    184          *        Built with IAR Embedded Workbench Version: V7.0.5/W32 (6.10.5)
    185          *
    186          *        Function name: right_off
    187          *        Passed : No varialbes passed
    188          *        Locals: No variables defined
    189          *        Returned: no values returned 
    190          *        Globlas: no values defined
    191          *******************************************************************************/
    192            P3OUT &= ~R_FORWARD;
   \   000000   F2C010002202 BIC.B   #0x10, &0x222
    193          }
   \   000006   1001         RETA
   \   000008                REQUIRE _A_PBOUT_L
    194          

   \                                 In  segment CODE, align 2
    195          void r_reverse_off(void){
   \                     r_reverse_off:
    196            /*******************************************************************************
    197          *        Author: Steffon Brigman
    198          *        Date:   September 2015
    199          *        Description: Function to turn off reverse on right motor.
    200          *        Built with IAR Embedded Workbench Version: V7.0.5/W32 (6.10.5)
    201          *
    202          *        Function name: r_reverse_off
    203          *        Passed : No varialbes passed
    204          *        Locals: No variables defined
    205          *        Returned: no values returned 
    206          *        Globlas: no values defined
    207          *******************************************************************************/
    208            P3OUT &= ~R_REVERSE;
   \   000000   F2C020002202 BIC.B   #0x20, &0x222
    209          }
   \   000006   1001         RETA
   \   000008                REQUIRE _A_PBOUT_L
    210          

   \                                 In  segment CODE, align 2
    211          void left_off(void){
   \                     left_off:
    212          /*******************************************************************************
    213          *        Author: Steffon Brigman
    214          *        Date:   September 2015
    215          *        Description: Function to turn off left motor.
    216          *        Built with IAR Embedded Workbench Version: V7.0.5/W32 (6.10.5)
    217          *
    218          *        Function name: left_off
    219          *        Passed : No varialbes passed
    220          *        Locals: No variables defined
    221          *        Returned: no values returned 
    222          *        Globlas: no values defined
    223          *******************************************************************************/
    224              P3OUT &= ~L_FORWARD;
   \   000000   F2C040002202 BIC.B   #0x40, &0x222
    225          }
   \   000006   1001         RETA
   \   000008                REQUIRE _A_PBOUT_L
    226          

   \                                 In  segment CODE, align 2
    227          void l_reverse_off(void){
   \                     l_reverse_off:
    228            /*******************************************************************************
    229          *        Author: Steffon Brigman
    230          *        Date:   September 2015
    231          *        Description: Function to turn off reverse on LEFT motor.
    232          *        Built with IAR Embedded Workbench Version: V7.0.5/W32 (6.10.5)
    233          *
    234          *        Function name: L_reverse_off
    235          *        Passed : No varialbes passed
    236          *        Locals: No variables defined
    237          *        Returned: no values returned 
    238          *        Globlas: no values defined
    239          *******************************************************************************/
    240            P3OUT &= ~L_REVERSE;
   \   000000   F2C080002202 BIC.B   #0x80, &0x222
    241          }
   \   000006   1001         RETA
   \   000008                REQUIRE _A_PBOUT_L
    242          

   \                                 In  segment CODE, align 2
    243          void right_on(){
   \                     right_on:
    244          /*******************************************************************************
    245          *        Author: Steffon Brigman
    246          *        Date:   September 2015
    247          *        Description: Function to turn on right motor.
    248          *        Built with IAR Embedded Workbench Version: V7.0.5/W32 (6.10.5)
    249          *
    250          *        Function name: right_on
    251          *        Passed : time_synch
    252          *        Locals: No variables defined
    253          *        Returned: no values returned 
    254          *        Globlas: tmp
    255          *******************************************************************************/
    256            // turn off right reverse before going forwrad
    257            r_reverse_off();
   \   000000   ........     CALLA   #r_reverse_off
    258              P3OUT |= R_FORWARD;
   \   000004   F2D010002202 BIS.B   #0x10, &0x222
    259          }
   \   00000A   1001         RETA
   \   00000C                REQUIRE _A_PBOUT_L
    260          

   \                                 In  segment CODE, align 2
    261          void r_reverse_on(){
   \                     r_reverse_on:
    262          /*******************************************************************************
    263          *        Author: Steffon Brigman
    264          *        Date:   September 2015
    265          *        Description: Function to turn run right motor in reverse
    266          *        Built with IAR Embedded Workbench Version: V7.0.5/W32 (6.10.5)
    267          *
    268          *        Function name: r_reverse_on
    269          *        Passed : time_synch
    270          *        Locals: No variables defined
    271          *        Returned: no values returned 
    272          *        Globlas: tmp
    273          *******************************************************************************/
    274            // turn off right forward before going in reverse
    275            right_off();
   \   000000   ........     CALLA   #right_off
    276              P3OUT |= R_REVERSE;
   \   000004   F2D020002202 BIS.B   #0x20, &0x222
    277          }
   \   00000A   1001         RETA
   \   00000C                REQUIRE _A_PBOUT_L
    278          

   \                                 In  segment CODE, align 2
    279          void left_on(){
   \                     left_on:
    280          /*******************************************************************************
    281          *        Author: Steffon Brigman
    282          *        Date:   September 2015
    283          *        Description: Function to turn on left motor.
    284          *        Built with IAR Embedded Workbench Version: V7.0.5/W32 (6.10.5)
    285          *
    286          *        Function name: left_on
    287          *        Passed : time_synch
    288          *        Locals: No variables defined
    289          *        Returned: no values returned 
    290          *        Globlas: tmp
    291          *******************************************************************************/
    292            l_reverse_off();
   \   000000   ........     CALLA   #l_reverse_off
    293              P3OUT |= L_FORWARD;
   \   000004   F2D040002202 BIS.B   #0x40, &0x222
    294          }
   \   00000A   1001         RETA
   \   00000C                REQUIRE _A_PBOUT_L
    295          

   \                                 In  segment CODE, align 2
    296          void l_reverse_on(){
   \                     l_reverse_on:
    297          /*******************************************************************************
    298          *        Author: Steffon Brigman
    299          *        Date:   September 2015
    300          *        Description: Function to turn run left motor in reverse
    301          *        Built with IAR Embedded Workbench Version: V7.0.5/W32 (6.10.5)
    302          *
    303          *        Function name: l_reverse_on
    304          *        Passed : time_synch
    305          *        Locals: No variables defined
    306          *        Returned: no values returned 
    307          *        Globlas: tmp
    308          *******************************************************************************/
    309            // Turn off left forwrad before going in reverse
    310            left_off();
   \   000000   ........     CALLA   #left_off
    311              P3OUT |= L_REVERSE;
   \   000004   F2D080002202 BIS.B   #0x80, &0x222
    312          }
   \   00000A   1001         RETA
   \   00000C                REQUIRE _A_PBOUT_L

   Maximum stack usage in bytes:

   CSTACK Function
   ------ --------
      4   Init_Motors
        0   -> l_reverse_off
        4   -> left_off
        4   -> r_reverse_off
        4   -> right_off
      8   circle
        8   -> five_msec_sleep
        8   -> left_off
        8   -> left_on
        8   -> right_off
        8   -> right_on
      8   figure_eight
        8   -> five_msec_sleep
        8   -> left_off
        8   -> left_on
        8   -> right_off
        8   -> right_on
      4   l_reverse_off
      4   l_reverse_on
        4   -> left_off
      4   left_off
      4   left_on
        4   -> l_reverse_off
      6   motor_reverse
        6   -> l_reverse_off
        6   -> l_reverse_on
        6   -> r_reverse_off
        6   -> r_reverse_on
      4   motor_straight
        4   -> left_off
        4   -> left_on
        4   -> right_off
        4   -> right_on
      4   r_reverse_off
      4   r_reverse_on
        4   -> right_off
      4   right_off
      4   right_on
        4   -> r_reverse_off
      8   triangle
        8   -> five_msec_sleep
        8   -> left_off
        8   -> left_on


   Segment part sizes:

   Bytes  Function/Label
   -----  --------------
      16  Init_Motors
       2  _A_PBOUT_L
      56  circle
      64  figure_eight
       8  l_reverse_off
      12  l_reverse_on
       8  left_off
      12  left_on
      32  motor_reverse
      30  motor_straight
       8  r_reverse_off
      12  r_reverse_on
       8  right_off
      12  right_on
       2  tmp
      52  triangle

 
 330 bytes in segment CODE
   2 bytes in segment DATA16_AN
   2 bytes in segment DATA16_Z
 
 330 bytes of CODE memory
   2 bytes of DATA memory (+ 2 bytes shared)

Errors: none
Warnings: none
