###############################################################################
#
# IAR C/C++ Compiler V6.30.2.940/W32 for MSP430           11/Sep/2015  15:14:13
# Copyright 1996-2015 IAR Systems AB.
# Standalone license - IAR Embedded Workbench for Texas Instruments MSP430, 8K KickStart Edition 6.30
#
#    __rt_version  =  3
#    __double_size =  32
#    __reg_r4      =  free
#    __reg_r5      =  free
#    __pic         =  no
#    __core        =  430X
#    __data_model  =  small
#    __code_model  =  large
#    Source file   =  
#        \\vmware-host\Shared Folders\Desktop\ECE-306 Code\Homework_03\timers.c
#    Command line  =  
#        "\\vmware-host\Shared Folders\Desktop\ECE-306
#        Code\Homework_03\timers.c" -lC "\\vmware-host\Shared
#        Folders\Desktop\ECE-306 Code\Homework_03\Debug\List\" -o
#        "\\vmware-host\Shared Folders\Desktop\ECE-306
#        Code\Homework_03\Debug\Obj\" --no_cse --no_unroll --no_inline
#        --no_code_motion --no_tbaa --debug -D__MSP430FR5739__ -e --double=32
#        --dlib_config "C:\Program Files (x86)\IAR Systems\Embedded Workbench
#        7.2\430\lib\dlib\dl430xlsfn.h" --core=430X --data_model=small -On
#        --multiplier=32 --hw_workaround=CPU40 --code_model=large
#    List file     =  
#        \\vmware-host\Shared Folders\Desktop\ECE-306
#        Code\Homework_03\Debug\List\timers.lst
#    Object file   =  
#        \\vmware-host\Shared Folders\Desktop\ECE-306
#        Code\Homework_03\Debug\Obj\timers.r43
#
###############################################################################

\\vmware-host\Shared Folders\Desktop\ECE-306 Code\Homework_03\timers.c
      1          //******************************************************************************
      2          //
      3          //  Description: This file contains code to initialize the timers.
      4          //
      5          //
      6          //  Steffon Brigman
      7          //  Seppt 2015
      8          //  Built with IAR Embedded Workbench Version: V4.10A/W32 (5.40.1)
      9          //******************************************************************************
     10          
     11          //------------------------------------------------------------------------------
     12          // Includes
     13          #include  "macros.h"
     14          #include  "msp430.h"
     15          #include  "functions.h"
     16          

   \                                 In  segment CODE, align 2
     17          void Init_Timers(void){
   \                     Init_Timers:
     18          //------------------------------------------------------------------------------
     19          // Timer Configurations
     20          //------------------------------------------------------------------------------
     21          //  Init_Timer_A0(); //
     22          //  Init_Timer_A1(); // 
     23          //  Init_Timer_B0(); // 
     24          //  Init_Timer_B1(); //  
     25            Init_Timer_B2();   //  Required for provided compiled code to work
   \   000000   ........     BRA     #Init_Timer_B2
     26          //------------------------------------------------------------------------------
     27          }

   Maximum stack usage in bytes:

   CSTACK Function
   ------ --------
      4   Init_Timers
        0   -> Init_Timer_B2


   Segment part sizes:

   Bytes  Function/Label
   -----  --------------
       4  Init_Timers

 
 4 bytes in segment CODE
 
 4 bytes of CODE memory

Errors: none
Warnings: none
