###############################################################################
#
# IAR C/C++ Compiler V6.30.2.940/W32 for MSP430           09/Sep/2015  11:15:20
# Copyright 1996-2015 IAR Systems AB.
# Standalone license - IAR Embedded Workbench for Texas Instruments MSP430, 8K KickStart Edition 6.30
#
#    __rt_version  =  3
#    __double_size =  32
#    __reg_r4      =  free
#    __reg_r5      =  free
#    __pic         =  no
#    __core        =  430X
#    __data_model  =  small
#    __code_model  =  large
#    Source file   =  
#        \\vmware-host\Shared Folders\Desktop\ECE-306 Code\Project 02\main.c
#    Command line  =  
#        "\\vmware-host\Shared Folders\Desktop\ECE-306 Code\Project 02\main.c"
#        -lC "\\vmware-host\Shared Folders\Desktop\ECE-306 Code\Project
#        02\Debug\List\" -o "\\vmware-host\Shared Folders\Desktop\ECE-306
#        Code\Project 02\Debug\Obj\" --no_cse --no_unroll --no_inline
#        --no_code_motion --no_tbaa --debug -D__MSP430FR5739__ -e --double=32
#        --dlib_config "C:\Program Files (x86)\IAR Systems\Embedded Workbench
#        7.2\430\lib\dlib\dl430xlsfn.h" --core=430X --data_model=small -On
#        --multiplier=32 --hw_workaround=CPU40 --code_model=large
#    List file     =  
#        \\vmware-host\Shared Folders\Desktop\ECE-306 Code\Project
#        02\Debug\List\main.lst
#    Object file   =  
#        \\vmware-host\Shared Folders\Desktop\ECE-306 Code\Project
#        02\Debug\Obj\main.r43
#
###############################################################################

\\vmware-host\Shared Folders\Desktop\ECE-306 Code\Project 02\main.c
      1          //******************************************************************************
      2          //
      3          //  Description: This file contains the Main Routine - "While" Operating System
      4          //
      5          //
      6          //  Jim Carlson
      7          //  Aug 2013
      8          //  Built with IAR Embedded Workbench Version: V4.10A/W32 (5.40.1)
      9          //******************************************************************************
     10          
     11          //------------------------------------------------------------------------------
     12          #include  "msp430.h"

   \                                 In  segment DATA16_AN, at 0x220
   \   union <unnamed> _A_PBIN_L
   \                     _A_PBIN_L:
   \   000000                DS8 2

   \                                 In  segment DATA16_AN, at 0x222
   \   union <unnamed> _A_PBOUT_L
   \                     _A_PBOUT_L:
   \   000000                DS8 2

   \                                 In  segment DATA16_AN, at 0x322
   \   union <unnamed> _A_PJOUT_L
   \                     _A_PJOUT_L:
   \   000000                DS8 2
     13          #include  "functions.h"
     14          
     15          // Required defines
     16          // In the event the universe no longer exists, this bit will reset
     17          #define ALWAYS                  (1)
     18          #define CNTL_STATE_INDEX        (3) // Control States
     19          #define LED1                 (0x01) // LED 1
     20          #define LED2                 (0x02) // LED 2
     21          #define LED3                 (0x04) // LED 3
     22          #define LED5                 (0x10) // LED 5
     23          #define LED6                 (0x20) // LED 6
     24          #define LED7                 (0x40) // LED 7
     25          #define LED8                 (0x80) // LED 8
     26          #define SW1                  (0x01) // Switch 1
     27          #define SW2                  (0x02) // Switch 2
     28          #define CNTL_STATE_INDEX        (3)
     29          // LCD
     30          #define LCD_HOME_L1	          0x80
     31          #define LCD_HOME_L2         	0xA0
     32          #define LCD_HOME_L3         	0xC0
     33          #define LCD_HOME_L4         	0xE0
     34          
     35          
     36          // Global Variables

   \                                 In  segment DATA16_Z, align 1, align-sorted
   \   000000                REQUIRE ?cstart_init_zero
     37          volatile unsigned char control_state[CNTL_STATE_INDEX];
   \                     control_state:
   \   000000                DS8 3

   \                                 In  segment DATA16_Z, align 2, align-sorted
   \   000000                REQUIRE ?cstart_init_zero
     38          volatile unsigned int Time_Sequence;
   \                     Time_Sequence:
   \   000000                DS8 2

   \                                 In  segment DATA16_Z, align 1, align-sorted
   \   000000                REQUIRE ?cstart_init_zero
     39          char led_smclk;
   \                     led_smclk:
   \   000000                DS8 1

   \                                 In  segment DATA16_Z, align 1, align-sorted
   \   000000                REQUIRE ?cstart_init_zero
     40          volatile char one_time;
   \                     one_time:
   \   000000                DS8 1
     41          extern char display_line_1[11];
     42          extern char display_line_2[11];
     43          extern char display_line_3[11];
     44          extern char display_line_4[11];
     45          extern char *display_1;
     46          extern char *display_2;
     47          extern char *display_3;
     48          extern char *display_4;

   \                                 In  segment DATA16_Z, align 1, align-sorted
   \   000000                REQUIRE ?cstart_init_zero
     49          char posL1;
   \                     posL1:
   \   000000                DS8 1

   \                                 In  segment DATA16_Z, align 1, align-sorted
   \   000000                REQUIRE ?cstart_init_zero
     50          char posL2;
   \                     posL2:
   \   000000                DS8 1

   \                                 In  segment DATA16_Z, align 1, align-sorted
   \   000000                REQUIRE ?cstart_init_zero
     51          char posL3;
   \                     posL3:
   \   000000                DS8 1

   \                                 In  segment DATA16_Z, align 1, align-sorted
   \   000000                REQUIRE ?cstart_init_zero
     52          char posL4;
   \                     posL4:
   \   000000                DS8 1

   \                                 In  segment DATA16_Z, align 1, align-sorted
   \   000000                REQUIRE ?cstart_init_zero
     53          char size_count;
   \                     size_count:
   \   000000                DS8 1

   \                                 In  segment DATA16_Z, align 1, align-sorted
   \   000000                REQUIRE ?cstart_init_zero
     54          char big;
   \                     big:
   \   000000                DS8 1
     55          

   \                                 In  segment CODE, align 2
     56          void main(void){
   \                     main:
     57          //------------------------------------------------------------------------------
     58          // Main Program
     59          // This is the main routine for the program. Execution of code starts here.
     60          // The operating system is Back Ground Fore Ground.
     61          // 
     62          //------------------------------------------------------------------------------
     63            Init_Ports();                             // Initialize Ports
   \   000000   ........     CALLA   #Init_Ports
     64            Init_Clocks();                            // Initialize Clock System 
   \   000004   ........     CALLA   #Init_Clocks
     65            Init_Conditions();
   \   000008   ........     CALLA   #Init_Conditions
     66            PJOUT |= LED1;                            // Turn LED 1 on to indicate boot
   \   00000C   92D32203     BIS.W   #0x1, &0x322
     67            Time_Sequence = 0;                        // 
   \   000010   8243....     MOV.W   #0x0, &Time_Sequence
     68            Init_Timers();                            // Initialize Timers
   \   000014   ........     CALLA   #Init_Timers
     69            five_msec_sleep(50);                      // 250 msec delay for the clock to settle
   \   000018   3C403200     MOV.W   #0x32, R12
   \   00001C   ........     CALLA   #five_msec_sleep
     70            Init_LEDs();                              // Initialize LEDs
   \   000020   ........     CALLA   #Init_LEDs
     71            Init_LCD();                               // Initialize LCD
   \   000024   ........     CALLA   #Init_LCD
     72            
     73          //             1234567890
     74            display_1 = "NCSU";
   \   000028   B240........ MOV.W   #`?<Constant "NCSU">`, &display_1
     75            posL1 = 3;
   \   00002E   F2400300.... MOV.B   #0x3, &posL1
     76            display_2 = "WOLFPACK";
   \   000034   B240........ MOV.W   #`?<Constant "WOLFPACK">`, &display_2
     77            posL2 = 1;
   \   00003A   D243....     MOV.B   #0x1, &posL2
     78            display_3 = "ECE306";
   \   00003E   B240........ MOV.W   #`?<Constant "ECE306">`, &display_3
     79            posL3 = 2;
   \   000044   E243....     MOV.B   #0x2, &posL3
     80            display_4 = "S Brigman";
   \   000048   B240........ MOV.W   #`?<Constant "S Brigman">`, &display_4
     81            posL4 = 1;
   \   00004E   D243....     MOV.B   #0x1, &posL4
     82            big = 0;
   \   000052   C243....     MOV.B   #0x0, &big
     83            Display_Process();
   \   000056   ........     CALLA   #Display_Process
     84          //------------------------------------------------------------------------------
     85          // Begining of the "While" Operating System
     86          //------------------------------------------------------------------------------
     87           while(ALWAYS) {                            // Can the Operating system run
     88            switch(Time_Sequence){
   \                     ??main_0:
   \   00005A   1F42....     MOV.W   &Time_Sequence, R15
   \   00005E   3F803200     SUB.W   #0x32, R15
   \   000062   3124         JEQ     ??main_3
   \   000064   3F803200     SUB.W   #0x32, R15
   \   000068   2424         JEQ     ??main_4
   \   00006A   3F803200     SUB.W   #0x32, R15
   \   00006E   1724         JEQ     ??main_5
   \   000070   3F803200     SUB.W   #0x32, R15
   \   000074   0C24         JEQ     ??main_6
   \   000076   3F803200     SUB.W   #0x32, R15
   \   00007A   4520         JNE     ??main_1
     89              case 250:                               // 1000 msec  
     90                if(one_time){
   \   00007C   C293....     CMP.B   #0x0, &one_time
   \   000080   0424         JEQ     ??main_7
     91                  Init_LEDs();                        // Initialize LEDs
   \   000082   ........     CALLA   #Init_LEDs
     92                  one_time = 0;
   \   000086   C243....     MOV.B   #0x0, &one_time
     93                }
     94                Time_Sequence = 0;                    // 
   \                     ??main_7:
   \   00008A   8243....     MOV.W   #0x0, &Time_Sequence
     95              case 200:                               // 1000 msec  
     96                if(one_time){
   \                     ??main_6:
   \   00008E   C293....     CMP.B   #0x0, &one_time
   \   000092   0524         JEQ     ??main_5
     97                  P3OUT |= LED5;                      // Change State of LED 5
   \   000094   F2D010002202 BIS.B   #0x10, &0x222
     98                  one_time = 0;
   \   00009A   C243....     MOV.B   #0x0, &one_time
     99                }
    100              case 150:                               // 750 msec  
    101                if(one_time){
   \                     ??main_5:
   \   00009E   C293....     CMP.B   #0x0, &one_time
   \   0000A2   0724         JEQ     ??main_4
    102                  PJOUT |= LED3;                      // Change State of LED 3
   \   0000A4   A2D22203     BIS.W   #0x4, &0x322
    103                  P3OUT |= LED6;                      // Change State of LED 6
   \   0000A8   F2D020002202 BIS.B   #0x20, &0x222
    104                  one_time = 0;
   \   0000AE   C243....     MOV.B   #0x0, &one_time
    105                }
    106              case 100:                               // 500 msec  
    107                if(one_time){
   \                     ??main_4:
   \   0000B2   C293....     CMP.B   #0x0, &one_time
   \   0000B6   0724         JEQ     ??main_3
    108                  PJOUT |= LED2;                      // Change State of LED 2
   \   0000B8   A2D32203     BIS.W   #0x2, &0x322
    109                  P3OUT |= LED7;                      // Change State of LED 7
   \   0000BC   F2D040002202 BIS.B   #0x40, &0x222
    110                  one_time = 0;
   \   0000C2   C243....     MOV.B   #0x0, &one_time
    111                }
    112              case  50:                               // 250 msec  
    113                if(one_time){
   \                     ??main_3:
   \   0000C6   C293....     CMP.B   #0x0, &one_time
   \   0000CA   0724         JEQ     ??main_8
    114                  PJOUT |= LED1;                      // Change State of LED 1
   \   0000CC   92D32203     BIS.W   #0x1, &0x322
    115                  P3OUT |= LED8;                      // Change State of LED 8
   \   0000D0   F2D080002202 BIS.B   #0x80, &0x222
    116                  one_time = 0;
   \   0000D6   C243....     MOV.B   #0x0, &one_time
    117                }
    118                size_count++;
   \                     ??main_8:
   \   0000DA   D253....     ADD.B   #0x1, &size_count
    119                if(size_count > 5){
   \   0000DE   F2900600.... CMP.B   #0x6, &size_count
   \   0000E4   0E28         JNC     ??main_9
    120                  size_count = 0;
   \   0000E6   C243....     MOV.B   #0x0, &size_count
    121                  if(big){
   \   0000EA   C293....     CMP.B   #0x0, &big
   \   0000EE   0524         JEQ     ??main_10
    122                    lcd_BIG_mid();
   \   0000F0   ........     CALLA   #lcd_BIG_mid
    123                    big = 0;
   \   0000F4   C243....     MOV.B   #0x0, &big
   \   0000F8   043C         JMP     ??main_9
    124                  }else{
    125                    lcd_4line();
   \                     ??main_10:
   \   0000FA   ........     CALLA   #lcd_4line
    126                    big = 1;
   \   0000FE   D243....     MOV.B   #0x1, &big
    127                  }
    128                }
    129                Display_Process();
   \                     ??main_9:
   \   000102   ........     CALLA   #Display_Process
    130                break;                                // 
    131              default: break; 
    132            }
    133            Switches_Process();                       // Check for switch state change 
   \                     ??main_1:
   \   000106   ........     CALLA   #Switches_Process
    134            if(Time_Sequence > 250){
   \   00010A   B290FB00.... CMP.W   #0xfb, &Time_Sequence
   \   000110   A42B         JNC     ??main_0
    135              Time_Sequence = 0;
   \   000112   8243....     MOV.W   #0x0, &Time_Sequence
   \   000116   A13F         JMP     ??main_0
   \   000118   0343         NOP
   \   00011A                REQUIRE _A_PJOUT_L
   \   00011A                REQUIRE _A_PBOUT_L
    136            }
    137           }
    138          //------------------------------------------------------------------------------
    139          }
    140          

   \                                 In  segment CODE, align 2
    141          void Init_Conditions(void){
   \                     Init_Conditions:
    142          //------------------------------------------------------------------------------
    143          // Initializations Configurations
    144          //------------------------------------------------------------------------------
    145          // Interrupts are disabled by default, enable them. 
    146            enable_interrupts();
   \   000000   ........     CALLA   #enable_interrupts
    147            display_1 = &display_line_1[0];
   \   000004   B240........ MOV.W   #display_line_1, &display_1
    148            display_2 = &display_line_2[0];
   \   00000A   B240........ MOV.W   #display_line_2, &display_2
    149            display_3 = &display_line_3[0];
   \   000010   B240........ MOV.W   #display_line_3, &display_3
    150            display_4 = &display_line_4[0];
   \   000016   B240........ MOV.W   #display_line_4, &display_4
    151          
    152          //------------------------------------------------------------------------------
    153          }
   \   00001C   1001         RETA
    154          

   \                                 In  segment CODE, align 2
    155          void Switches_Process(void){
   \                     Switches_Process:
    156          //------------------------------------------------------------------------------
    157            if (!(P4IN & SW1)){
   \   000000   D2B32102     BIT.B   #0x1, &0x221
   \   000004   152C         JC      ??Switches_Process_0
    158              display_1 = "NCSU";
   \   000006   B240........ MOV.W   #`?<Constant "NCSU">`, &display_1
    159              posL1 = 3;
   \   00000C   F2400300.... MOV.B   #0x3, &posL1
    160              display_2 = "WOLFPACK";
   \   000012   B240........ MOV.W   #`?<Constant "WOLFPACK">`, &display_2
    161              posL2 = 1;
   \   000018   D243....     MOV.B   #0x1, &posL2
    162              display_3 = "ECE306";
   \   00001C   B240........ MOV.W   #`?<Constant "ECE306">`, &display_3
    163              posL3 = 2;
   \   000022   E243....     MOV.B   #0x2, &posL3
    164              display_4 = "S Brigman";
   \   000026   B240........ MOV.W   #`?<Constant "S Brigman">`, &display_4
    165              posL4 = 1;
   \   00002C   D243....     MOV.B   #0x1, &posL4
    166            }
    167            if (!(P4IN & SW2)) {
   \                     ??Switches_Process_0:
   \   000030   E2B32102     BIT.B   #0x2, &0x221
   \   000034   152C         JC      ??Switches_Process_1
    168              display_1 = "Embedded";
   \   000036   B240........ MOV.W   #`?<Constant "Embedded">`, &display_1
    169              posL1 = 1;
   \   00003C   D243....     MOV.B   #0x1, &posL1
    170              display_2 = "Systems";
   \   000040   B240........ MOV.W   #`?<Constant "Systems">`, &display_2
    171              posL2 = 2;
   \   000046   E243....     MOV.B   #0x2, &posL2
    172              display_3 = "Rock!";
   \   00004A   B240........ MOV.W   #`?<Constant "Rock!">`, &display_3
    173              posL3 = 3;
   \   000050   F2400300.... MOV.B   #0x3, &posL3
    174              display_4 = "Go Pack!";
   \   000056   B240........ MOV.W   #`?<Constant "Go Pack!">`, &display_4
    175              posL4 = 1;
   \   00005C   D243....     MOV.B   #0x1, &posL4
    176            }
    177          //------------------------------------------------------------------------------
    178          }
   \                     ??Switches_Process_1:
   \   000060   1001         RETA
   \   000062                REQUIRE _A_PBIN_L
    179          

   \                                 In  segment CODE, align 2
    180          void Init_Timers(void){
   \                     Init_Timers:
    181          //------------------------------------------------------------------------------
    182          // Timer Configurations
    183          //------------------------------------------------------------------------------
    184          //  Init_Timer_A0(); //
    185          //  Init_Timer_A1(); // 
    186          //  Init_Timer_B0(); // 
    187          //  Init_Timer_B1(); //  
    188            Init_Timer_B2();   //  Required for provided compiled code to work
   \   000000   ........     BRA     #Init_Timer_B2
    189          //------------------------------------------------------------------------------
    190          }
    191          

   \                                 In  segment CODE, align 2
    192          void Init_LEDs(void){
   \                     Init_LEDs:
    193          //------------------------------------------------------------------------------
    194          // LED Configurations
    195          //------------------------------------------------------------------------------
    196          // Turns on all 8 LEDs
    197          //  PJOUT &= ~LED1;
    198          //  PJOUT &= ~LED2;
    199          //  PJOUT &= ~LED3;
    200          //  PJOUT &= ~LED4;
    201            P3OUT &= ~LED5;
   \   000000   F2C010002202 BIC.B   #0x10, &0x222
    202            P3OUT &= ~LED6;
   \   000006   F2C020002202 BIC.B   #0x20, &0x222
    203            P3OUT &= ~LED7;
   \   00000C   F2C040002202 BIC.B   #0x40, &0x222
    204            P3OUT &= ~LED8;
   \   000012   F2C080002202 BIC.B   #0x80, &0x222
    205          //------------------------------------------------------------------------------
    206          }
   \   000018   1001         RETA
   \   00001A                REQUIRE _A_PBOUT_L
    207          

   \                                 In  segment CODE, align 2
    208          void Display_Process(void){
   \                     Display_Process:
    209            ClrDisplay();
   \   000000   ........     CALLA   #ClrDisplay
    210            lcd_out(display_1, LCD_HOME_L1, posL1);
   \   000004   5E42....     MOV.B   &posL1, R14
   \   000008   7D408000     MOV.B   #0x80, R13
   \   00000C   1C42....     MOV.W   &display_1, R12
   \   000010   ........     CALLA   #lcd_out
    211            lcd_out(display_2, LCD_HOME_L2, posL2);
   \   000014   5E42....     MOV.B   &posL2, R14
   \   000018   7D40A000     MOV.B   #0xa0, R13
   \   00001C   1C42....     MOV.W   &display_2, R12
   \   000020   ........     CALLA   #lcd_out
    212            lcd_out(display_3, LCD_HOME_L3, posL3);
   \   000024   5E42....     MOV.B   &posL3, R14
   \   000028   7D40C000     MOV.B   #0xc0, R13
   \   00002C   1C42....     MOV.W   &display_3, R12
   \   000030   ........     CALLA   #lcd_out
    213            lcd_out(display_4, LCD_HOME_L4, posL4);
   \   000034   5E42....     MOV.B   &posL4, R14
   \   000038   7D40E000     MOV.B   #0xe0, R13
   \   00003C   1C42....     MOV.W   &display_4, R12
   \   000040   ........     BRA     #lcd_out
    214          }

   \                                 In  segment DATA16_C, align 1, align-sorted
   \                     `?<Constant "NCSU">`:
   \   000000   4E43535500   DC8 "NCSU"

   \                                 In  segment DATA16_C, align 1, align-sorted
   \                     `?<Constant "WOLFPACK">`:
   \   000000   574F4C465041 DC8 "WOLFPACK"
   \            434B00      

   \                                 In  segment DATA16_C, align 1, align-sorted
   \                     `?<Constant "ECE306">`:
   \   000000   454345333036 DC8 "ECE306"
   \            00          

   \                                 In  segment DATA16_C, align 1, align-sorted
   \                     `?<Constant "S Brigman">`:
   \   000000   532042726967 DC8 "S Brigman"
   \            6D616E00    

   \                                 In  segment DATA16_C, align 1, align-sorted
   \                     `?<Constant "Embedded">`:
   \   000000   456D62656464 DC8 "Embedded"
   \            656400      

   \                                 In  segment DATA16_C, align 1, align-sorted
   \                     `?<Constant "Systems">`:
   \   000000   53797374656D DC8 "Systems"
   \            7300        

   \                                 In  segment DATA16_C, align 1, align-sorted
   \                     `?<Constant "Rock!">`:
   \   000000   526F636B2100 DC8 "Rock!"

   \                                 In  segment DATA16_C, align 1, align-sorted
   \                     `?<Constant "Go Pack!">`:
   \   000000   476F20506163 DC8 "Go Pack!"
   \            6B2100      
    215          

   Maximum stack usage in bytes:

   CSTACK Function
   ------ --------
      4   Display_Process
        4   -> ClrDisplay
        0   -> lcd_out
        4   -> lcd_out
      4   Init_Conditions
        4   -> enable_interrupts
      4   Init_LEDs
      4   Init_Timers
        0   -> Init_Timer_B2
      4   Switches_Process
      4   main
        4   -> Display_Process
        4   -> Init_Clocks
        4   -> Init_Conditions
        4   -> Init_LCD
        4   -> Init_LEDs
        4   -> Init_Ports
        4   -> Init_Timers
        4   -> Switches_Process
        4   -> five_msec_sleep
        4   -> lcd_4line
        4   -> lcd_BIG_mid


   Segment part sizes:

   Bytes  Function/Label
   -----  --------------
       7  ?<Constant "ECE306">
       9  ?<Constant "Embedded">
       9  ?<Constant "Go Pack!">
       5  ?<Constant "NCSU">
       6  ?<Constant "Rock!">
      10  ?<Constant "S Brigman">
       8  ?<Constant "Systems">
       9  ?<Constant "WOLFPACK">
      68  Display_Process
      30  Init_Conditions
      26  Init_LEDs
       4  Init_Timers
      98  Switches_Process
       2  Time_Sequence
       2  _A_PBIN_L
       2  _A_PBOUT_L
       2  _A_PJOUT_L
       1  big
       3  control_state
       1  led_smclk
     282  main
       1  one_time
       1  posL1
       1  posL2
       1  posL3
       1  posL4
       1  size_count

 
 508 bytes in segment CODE
   6 bytes in segment DATA16_AN
  63 bytes in segment DATA16_C
  13 bytes in segment DATA16_Z
 
 508 bytes of CODE  memory
  63 bytes of CONST memory
  13 bytes of DATA  memory (+ 6 bytes shared)

Errors: none
Warnings: none
