###############################################################################
#
# IAR C/C++ Compiler V6.30.2.940/W32 for MSP430           13/Nov/2015  20:05:34
# Copyright 1996-2015 IAR Systems AB.
# Standalone license - IAR Embedded Workbench for Texas Instruments MSP430, 8K KickStart Edition 6.30
#
#    __rt_version  =  3
#    __double_size =  32
#    __reg_r4      =  free
#    __reg_r5      =  free
#    __pic         =  no
#    __core        =  430X
#    __data_model  =  small
#    __code_model  =  large
#    Source file   =  
#        \\vmware-host\Shared
#        Folders\Desktop\ECE306Code\Homework_09\interrupt_timer.c
#    Command line  =  
#        "\\vmware-host\Shared
#        Folders\Desktop\ECE306Code\Homework_09\interrupt_timer.c" -lC
#        "\\vmware-host\Shared
#        Folders\Desktop\ECE306Code\Homework_09\Debug\List\" -o
#        "\\vmware-host\Shared
#        Folders\Desktop\ECE306Code\Homework_09\Debug\Obj\" --no_cse
#        --no_unroll --no_inline --no_code_motion --no_tbaa --debug
#        -D__MSP430FR5739__ -e --double=32 --dlib_config "C:\Program Files
#        (x86)\IAR Systems\Embedded Workbench 7.2\430\lib\dlib\dl430xlsfn.h"
#        --core=430X --data_model=small -On --multiplier=32
#        --hw_workaround=CPU40 --code_model=large
#    List file     =  
#        \\vmware-host\Shared
#        Folders\Desktop\ECE306Code\Homework_09\Debug\List\interrupt_timer.lst
#    Object file   =  
#        \\vmware-host\Shared
#        Folders\Desktop\ECE306Code\Homework_09\Debug\Obj\interrupt_timer.r43
#
###############################################################################

\\vmware-host\Shared Folders\Desktop\ECE306Code\Homework_09\interrupt_timer.c
      1          #include  "macros.h"
      2          #include  "msp430.h"
      3          #include  "functions.h"
      4          /*******************************************************************************
      5          *        Author: Steffon Brigman
      6          *        Date:   October 2015
      7          *        Description: This file contains delay functions using the timer interrupt
      8          *        Built with IAR Embedded Workbench Version: V7.0.5/W32 (6.10.5)
      9          *
     10          *        File name: interrupt_timer.c
     11          *        Passed : No variables passed 
     12          *        Locals: No variables defined
     13          *        Returned: no values returned 
     14          *        Globlas: no variables declared
     15          *******************************************************************************/
     16          

   \                                 In  segment CODE, align 2
     17          void Five_msec_Delay(unsigned int delay){
   \                     Five_msec_Delay:
     18           /*******************************************************************************
     19          *        Author: Steffon Brigman
     20          *        Date:   October 2015
     21          *        Description: This functions delays the code based on 5ms delay increments.
     22          *        Built with IAR Embedded Workbench Version: V7.0.5/W32 (6.10.5)
     23          *
     24          *        Function name: Five_msec_Delay
     25          *        Passed : delay 
     26          *        Locals: no varialbes declared
     27          *        Returned: no values returned 
     28          *        Globlas: ISR_COUNT
     29          *******************************************************************************/
     30            int i = ZERO;
   \   000000   0F43         MOV.W   #0x0, R15
     31            while(ISR_COUNT<delay){
   \                     ??Five_msec_Delay_0:
   \   000002   829C....     CMP.W   R12, &ISR_COUNT
   \   000006   022C         JC      ??Five_msec_Delay_1
     32              i++;
   \   000008   1F53         ADD.W   #0x1, R15
   \   00000A   FB3F         JMP     ??Five_msec_Delay_0
     33            }
     34            ISR_COUNT = ZERO;
   \                     ??Five_msec_Delay_1:
   \   00000C   8243....     MOV.W   #0x0, &ISR_COUNT
     35          }
   \   000010   1001         RETA

   Maximum stack usage in bytes:

   CSTACK Function
   ------ --------
      4   Five_msec_Delay


   Segment part sizes:

   Bytes  Function/Label
   -----  --------------
      18  Five_msec_Delay

 
 18 bytes in segment CODE
 
 18 bytes of CODE memory

Errors: none
Warnings: none
