###############################################################################
#
# IAR C/C++ Compiler V6.30.2.940/W32 for MSP430           13/Nov/2015  15:26:48
# Copyright 1996-2015 IAR Systems AB.
# Standalone license - IAR Embedded Workbench for Texas Instruments MSP430, 8K KickStart Edition 6.30
#
#    __rt_version  =  3
#    __double_size =  32
#    __reg_r4      =  free
#    __reg_r5      =  free
#    __pic         =  no
#    __core        =  430X
#    __data_model  =  small
#    __code_model  =  large
#    Source file   =  
#        \\vmware-host\Shared Folders\Desktop\ECE306Code\Homework_09\main.c
#    Command line  =  
#        "\\vmware-host\Shared Folders\Desktop\ECE306Code\Homework_09\main.c"
#        -lC "\\vmware-host\Shared
#        Folders\Desktop\ECE306Code\Homework_09\Debug\List\" -o
#        "\\vmware-host\Shared
#        Folders\Desktop\ECE306Code\Homework_09\Debug\Obj\" --no_cse
#        --no_unroll --no_inline --no_code_motion --no_tbaa --debug
#        -D__MSP430FR5739__ -e --double=32 --dlib_config "C:\Program Files
#        (x86)\IAR Systems\Embedded Workbench 7.2\430\lib\dlib\dl430xlsfn.h"
#        --core=430X --data_model=small -On --multiplier=32
#        --hw_workaround=CPU40 --code_model=large
#    List file     =  
#        \\vmware-host\Shared
#        Folders\Desktop\ECE306Code\Homework_09\Debug\List\main.lst
#    Object file   =  
#        \\vmware-host\Shared
#        Folders\Desktop\ECE306Code\Homework_09\Debug\Obj\main.r43
#
###############################################################################

\\vmware-host\Shared Folders\Desktop\ECE306Code\Homework_09\main.c
      1          //******************************************************************************
      2          //
      3          //  Description: This file contains the Main Routine - "While" Operating System
      4          //
      5          //
      6          //  Steffon Brigman
      7          //  Sept 2015
      8          //  Built with IAR Embedded Workbench Version: V4.10A/W32 (5.40.1)
      9          //******************************************************************************
     10          
     11          //------------------------------------------------------------------------------
     12          #include  "macros.h"
     13          #include  "msp430.h"

   \                                 In  segment DATA16_AN, at 0x322
   \   union <unnamed> _A_PJOUT_L
   \                     _A_PJOUT_L:
   \   000000                DS8 2
     14          #include  "functions.h"
     15          
     16          // Global Variables

   \                                 In  segment DATA16_Z, align 1, align-sorted
   \   000000                REQUIRE ?cstart_init_zero
     17          volatile unsigned char control_state[CNTL_STATE_INDEX];
   \                     control_state:
   \   000000                DS8 3

   \                                 In  segment DATA16_Z, align 2, align-sorted
   \   000000                REQUIRE ?cstart_init_zero
     18          volatile unsigned int Time_Sequence;
   \                     Time_Sequence:
   \   000000                DS8 2

   \                                 In  segment DATA16_Z, align 1, align-sorted
   \   000000                REQUIRE ?cstart_init_zero
     19          char led_smclk;
   \                     led_smclk:
   \   000000                DS8 1

   \                                 In  segment DATA16_Z, align 2, align-sorted
   \   000000                REQUIRE ?cstart_init_zero
     20          int ISR_COUNT = ZERO;
   \                     ISR_COUNT:
   \   000000                DS8 2

   \                                 In  segment DATA16_Z, align 2, align-sorted
   \   000000                REQUIRE ?cstart_init_zero
     21          int UPDATE_LCD = ZERO;
   \                     UPDATE_LCD:
   \   000000                DS8 2

   \                                 In  segment DATA16_Z, align 2, align-sorted
   \   000000                REQUIRE ?cstart_init_zero
     22          unsigned int ADC_Thumb;
   \                     ADC_Thumb:
   \   000000                DS8 2

   \                                 In  segment DATA16_Z, align 2, align-sorted
   \   000000                REQUIRE ?cstart_init_zero
     23          unsigned int ADC_Right_Detector;
   \                     ADC_Right_Detector:
   \   000000                DS8 2

   \                                 In  segment DATA16_Z, align 2, align-sorted
   \   000000                REQUIRE ?cstart_init_zero
     24          unsigned int ADC_Left_Detector;
   \                     ADC_Left_Detector:
   \   000000                DS8 2

   \                                 In  segment DATA16_Z, align 2, align-sorted
   \   000000                REQUIRE ?cstart_init_zero
     25          unsigned int ADC_Temp;
   \                     ADC_Temp:
   \   000000                DS8 2

   \                                 In  segment DATA16_Z, align 2, align-sorted
   \   000000                REQUIRE ?cstart_init_zero
     26          unsigned int ADC_Bat;
   \                     ADC_Bat:
   \   000000                DS8 2

   \                                 In  segment DATA16_Z, align 2, align-sorted
   \   000000                REQUIRE ?cstart_init_zero
     27          unsigned int tracking_value_high;
   \                     tracking_value_high:
   \   000000                DS8 2

   \                                 In  segment DATA16_Z, align 2, align-sorted
   \   000000                REQUIRE ?cstart_init_zero
     28          unsigned int tracking_value_low;
   \                     tracking_value_low:
   \   000000                DS8 2

   \                                 In  segment DATA16_Z, align 2, align-sorted
   \   000000                REQUIRE ?cstart_init_zero
     29          unsigned int tracking_value;
   \                     tracking_value:
   \   000000                DS8 2

   \                                 In  segment DATA16_Z, align 2, align-sorted
   \   000000                REQUIRE ?cstart_init_zero
     30          unsigned int ambience;
   \                     ambience:
   \   000000                DS8 2

   \                                 In  segment DATA16_Z, align 2, align-sorted
   \   000000                REQUIRE ?cstart_init_zero
     31          int ADC_Channel = ZERO;
   \                     ADC_Channel:
   \   000000                DS8 2

   \                                 In  segment DATA16_Z, align 1, align-sorted
   \   000000                REQUIRE ?cstart_init_zero
     32          volatile char one_time;
   \                     one_time:
   \   000000                DS8 1
     33          extern char display_line_1[DISPLAY_LENGTH];
     34          extern char display_line_2[DISPLAY_LENGTH];
     35          extern char display_line_3[DISPLAY_LENGTH];
     36          extern char display_line_4[DISPLAY_LENGTH];
     37          extern char *display_1;
     38          extern char *display_2;
     39          extern char *display_3;
     40          extern char *display_4;

   \                                 In  segment DATA16_Z, align 1, align-sorted
   \   000000                REQUIRE ?cstart_init_zero
     41          char posL1;
   \                     posL1:
   \   000000                DS8 1

   \                                 In  segment DATA16_Z, align 1, align-sorted
   \   000000                REQUIRE ?cstart_init_zero
     42          char posL2;
   \                     posL2:
   \   000000                DS8 1

   \                                 In  segment DATA16_Z, align 1, align-sorted
   \   000000                REQUIRE ?cstart_init_zero
     43          char posL3;
   \                     posL3:
   \   000000                DS8 1

   \                                 In  segment DATA16_Z, align 1, align-sorted
   \   000000                REQUIRE ?cstart_init_zero
     44          char posL4;
   \                     posL4:
   \   000000                DS8 1

   \                                 In  segment DATA16_Z, align 1, align-sorted
   \   000000                REQUIRE ?cstart_init_zero
     45          char size_count;
   \                     size_count:
   \   000000                DS8 1

   \                                 In  segment DATA16_Z, align 2, align-sorted
   \   000000                REQUIRE ?cstart_init_zero
     46          unsigned int cpu_rx_ring_wr;
   \                     cpu_rx_ring_wr:
   \   000000                DS8 2

   \                                 In  segment DATA16_Z, align 2, align-sorted
   \   000000                REQUIRE ?cstart_init_zero
     47          unsigned int cpu_rx_ring_rd;
   \                     cpu_rx_ring_rd:
   \   000000                DS8 2

   \                                 In  segment DATA16_Z, align 2, align-sorted
   \   000000                REQUIRE ?cstart_init_zero
     48          unsigned int cpu_tx_ring_wr;
   \                     cpu_tx_ring_wr:
   \   000000                DS8 2

   \                                 In  segment DATA16_Z, align 2, align-sorted
   \   000000                REQUIRE ?cstart_init_zero
     49          unsigned int cpu_tx_ring_rd;
   \                     cpu_tx_ring_rd:
   \   000000                DS8 2

   \                                 In  segment DATA16_Z, align 1, align-sorted
   \   000000                REQUIRE ?cstart_init_zero
     50          char big;
   \                     big:
   \   000000                DS8 1

   \                                 In  segment DATA16_Z, align 1, align-sorted
   \   000000                REQUIRE ?cstart_init_zero
     51          volatile char CPU_Char_Rx[16];
   \                     CPU_Char_Rx:
   \   000000                DS8 16

   \                                 In  segment DATA16_Z, align 1, align-sorted
   \   000000                REQUIRE ?cstart_init_zero
     52          volatile char CPU_Char_Tx[16];
   \                     CPU_Char_Tx:
   \   000000                DS8 16
     53          

   \                                 In  segment CODE, align 2
     54          void main(void){
   \                     main:
     55          //------------------------------------------------------------------------------
     56          // Main Program
     57          // This is the main routine for the program. Execution of code starts here.
     58          // The operating system is Back Ground Fore Ground.
     59          // 
     60          //------------------------------------------------------------------------------
     61            Init_Ports();
   \   000000   ........     CALLA   #Init_Ports
     62            Init_Clocks();                            // Initialize Clock System 
   \   000004   ........     CALLA   #Init_Clocks
     63            Init_Conditions();
   \   000008   ........     CALLA   #Init_Conditions
     64            PJOUT |= LED1;                            // Turn LED 1 on to indicate boot
   \   00000C   92D32203     BIS.W   #0x1, &0x322
     65            Time_Sequence = ZERO;                        // 
   \   000010   8243....     MOV.W   #0x0, &Time_Sequence
     66            Init_Timers();                            // Initialize Timers
   \   000014   ........     CALLA   #Init_Timers
     67            five_msec_sleep(QUARTER_SECOND);          // 250 msec delay for the clock to settle
   \   000018   3C403200     MOV.W   #0x32, R12
   \   00001C   ........     CALLA   #five_msec_sleep
     68            Init_LEDs();                              // Initialize LEDs
   \   000020   ........     CALLA   #Init_LEDs
     69            Init_LCD();                               // Initialize LCD
   \   000024   ........     CALLA   #Init_LCD
     70            Init_Motors();                            // Turns off both motors
   \   000028   ........     CALLA   #Init_Motors
     71            Init_ADC();
   \   00002C   ........     CALLA   #Init_ADC
     72            Init_Serial_UCA1();
   \   000030   ........     CALLA   #Init_Serial_UCA1
     73            
     74          //             1234567890
     75            ClrDisplay();
   \   000034   ........     CALLA   #ClrDisplay
     76            display_1 = "NCSU";
   \   000038   B240........ MOV.W   #`?<Constant "NCSU">`, &display_1
     77            posL1 = SW1_posL1;
   \   00003E   F2400300.... MOV.B   #0x3, &posL1
     78            display_2 = "WOLFPACK";
   \   000044   B240........ MOV.W   #`?<Constant "WOLFPACK">`, &display_2
     79            posL2 = SW1_posL2;
   \   00004A   D243....     MOV.B   #0x1, &posL2
     80            display_3 = "ECE306";
   \   00004E   B240........ MOV.W   #`?<Constant "ECE306">`, &display_3
     81            posL3 = SW1_posL3;
   \   000054   E243....     MOV.B   #0x2, &posL3
     82            display_4 = "S Brigman";
   \   000058   B240........ MOV.W   #`?<Constant "S Brigman">`, &display_4
     83            posL4 = SW1_posL4;
   \   00005E   D243....     MOV.B   #0x1, &posL4
     84            big = ZERO;
   \   000062   C243....     MOV.B   #0x0, &big
     85            Display_Process();
   \   000066   ........     CALLA   #Display_Process
     86            ADC_Channel = Thumbwheel;
   \   00006A   A243....     MOV.W   #0x2, &ADC_Channel
     87          //------------------------------------------------------------------------------
     88          // Begining of the "While" Operating System
     89          //------------------------------------------------------------------------------
     90           while(ALWAYS) {  
     91             ADC_Process();
   \                     ??main_0:
   \   00006E   ........     CALLA   #ADC_Process
     92             // Can the Operating system run
     93            switch(Time_Sequence){
   \   000072   1F42....     MOV.W   &Time_Sequence, R15
   \   000076   3F803200     SUB.W   #0x32, R15
   \   00007A   2224         JEQ     ??main_3
   \   00007C   3F803200     SUB.W   #0x32, R15
   \   000080   1A24         JEQ     ??main_4
   \   000082   3F803200     SUB.W   #0x32, R15
   \   000086   1224         JEQ     ??main_5
   \   000088   3F803200     SUB.W   #0x32, R15
   \   00008C   0A24         JEQ     ??main_6
   \   00008E   3F803200     SUB.W   #0x32, R15
   \   000092   1F20         JNE     ??main_1
     94              case FULL_SECOND:                               // 1000 msec  
     95                if(one_time){
   \   000094   C293....     CMP.B   #0x0, &one_time
   \   000098   0224         JEQ     ??main_7
     96                  //Init_LEDs();                        // Initialize LEDs
     97                  one_time = ZERO;
   \   00009A   C243....     MOV.B   #0x0, &one_time
     98                }
     99                Time_Sequence = ZERO;                    // 
   \                     ??main_7:
   \   00009E   8243....     MOV.W   #0x0, &Time_Sequence
    100              case THOU_MS:                               // 1000 msec  
    101                if(one_time){
   \                     ??main_6:
   \   0000A2   C293....     CMP.B   #0x0, &one_time
   \   0000A6   0224         JEQ     ??main_5
    102                  //P3OUT |= LED5;                      // Change State of LED 5
    103                  one_time = ZERO;
   \   0000A8   C243....     MOV.B   #0x0, &one_time
    104                }
    105              case THIRD_SECOND:                               // 750 msec  
    106                if(one_time){
   \                     ??main_5:
   \   0000AC   C293....     CMP.B   #0x0, &one_time
   \   0000B0   0224         JEQ     ??main_4
    107                  //PJOUT |= LED3;                      // Change State of LED 3
    108                  //P3OUT |= LED6;                      // Change State of LED 6
    109                  one_time = ZERO;
   \   0000B2   C243....     MOV.B   #0x0, &one_time
    110                }
    111              case HALF_SECOND:                               // 500 msec  
    112                if(one_time){
   \                     ??main_4:
   \   0000B6   C293....     CMP.B   #0x0, &one_time
   \   0000BA   0224         JEQ     ??main_3
    113                  //PJOUT |= LED2;                      // Change State of LED 2
    114                  //P3OUT |= LED7;                      // Change State of LED 7
    115                  one_time = ZERO;
   \   0000BC   C243....     MOV.B   #0x0, &one_time
    116                }
    117              case  QUARTER_SECOND:                               // 250 msec  
    118                if(one_time){
   \                     ??main_3:
   \   0000C0   C293....     CMP.B   #0x0, &one_time
   \   0000C4   0224         JEQ     ??main_8
    119                  //PJOUT |= LED1;                      // Change State of LED 1
    120                  //P3OUT |= LED8;                      // Change State of LED 8
    121                  one_time = ZERO;
   \   0000C6   C243....     MOV.B   #0x0, &one_time
    122                }
    123                size_count++;
   \                     ??main_8:
   \   0000CA   D253....     ADD.B   #0x1, &size_count
    124                /*if(size_count > BIG_LETTERS){
    125                  size_count = ZERO;
    126                  if(big){
    127                    lcd_BIG_mid();
    128                    big = ZERO;
    129                  }else{
    130                    lcd_4line();
    131                    big = ONE;
    132                  }
    133                }*/
    134                Display_Process();
   \   0000CE   ........     CALLA   #Display_Process
    135                break;                                // 
    136              default: break; 
    137            }
    138            Switches_Process();                       // Check for switch state change 
   \                     ??main_1:
   \   0000D2   ........     CALLA   #Switches_Process
    139            if(Time_Sequence > FULL_SECOND){ // 1000 msec
   \   0000D6   B290FB00.... CMP.W   #0xfb, &Time_Sequence
   \   0000DC   C82B         JNC     ??main_0
    140              Time_Sequence = ZERO;
   \   0000DE   8243....     MOV.W   #0x0, &Time_Sequence
   \   0000E2   C53F         JMP     ??main_0
   \   0000E4   0343         NOP
   \   0000E6                REQUIRE _A_PJOUT_L
    141            }
    142           }
    143          //------------------------------------------------------------------------------
    144          }

   \                                 In  segment DATA16_C, align 1, align-sorted
   \                     `?<Constant "NCSU">`:
   \   000000   4E43535500   DC8 "NCSU"

   \                                 In  segment DATA16_C, align 1, align-sorted
   \                     `?<Constant "WOLFPACK">`:
   \   000000   574F4C465041 DC8 "WOLFPACK"
   \            434B00      

   \                                 In  segment DATA16_C, align 1, align-sorted
   \                     `?<Constant "ECE306">`:
   \   000000   454345333036 DC8 "ECE306"
   \            00          

   \                                 In  segment DATA16_C, align 1, align-sorted
   \                     `?<Constant "S Brigman">`:
   \   000000   532042726967 DC8 "S Brigman"
   \            6D616E00    

   Maximum stack usage in bytes:

   CSTACK Function
   ------ --------
      4   main
        4   -> ADC_Process
        4   -> ClrDisplay
        4   -> Display_Process
        4   -> Init_ADC
        4   -> Init_Clocks
        4   -> Init_Conditions
        4   -> Init_LCD
        4   -> Init_LEDs
        4   -> Init_Motors
        4   -> Init_Ports
        4   -> Init_Serial_UCA1
        4   -> Init_Timers
        4   -> Switches_Process
        4   -> five_msec_sleep


   Segment part sizes:

   Bytes  Function/Label
   -----  --------------
       7  ?<Constant "ECE306">
       5  ?<Constant "NCSU">
      10  ?<Constant "S Brigman">
       9  ?<Constant "WOLFPACK">
       2  ADC_Bat
       2  ADC_Channel
       2  ADC_Left_Detector
       2  ADC_Right_Detector
       2  ADC_Temp
       2  ADC_Thumb
      16  CPU_Char_Rx
      16  CPU_Char_Tx
       2  ISR_COUNT
       2  Time_Sequence
       2  UPDATE_LCD
       2  _A_PJOUT_L
       2  ambience
       1  big
       3  control_state
       2  cpu_rx_ring_rd
       2  cpu_rx_ring_wr
       2  cpu_tx_ring_rd
       2  cpu_tx_ring_wr
       1  led_smclk
     230  main
       1  one_time
       1  posL1
       1  posL2
       1  posL3
       1  posL4
       1  size_count
       2  tracking_value
       2  tracking_value_high
       2  tracking_value_low

 
 230 bytes in segment CODE
   2 bytes in segment DATA16_AN
  31 bytes in segment DATA16_C
  77 bytes in segment DATA16_Z
 
 230 bytes of CODE  memory
  31 bytes of CONST memory
  77 bytes of DATA  memory (+ 2 bytes shared)

Errors: none
Warnings: none
